2021-10-21 11:17:47 AM DataImport          Program Start
2021-10-21 11:17:47 AM DataImport          Reading INI file...
2021-10-21 11:17:47 AM DataImport          Reading INI file Completed!
2021-10-21 11:17:47 AM DataImport          DB Connection Open...
2021-10-21 11:17:47 AM DataImport          Start Data Uploading...
2021-10-21 11:18:16 AM DataImport          Upload D:\Development\DataImport\SourceFiles\TC35.HOSTPC.TC3TOALL.ARCSOFR.D210901.TXT Success!
2021-10-21 11:18:56 AM DataImport          Upload D:\Development\DataImport\SourceFiles\TC35.HOSTPC.TC3TOALL.ARCHONIA.D210901.TXT Success!
2021-10-21 11:18:56 AM DataImport          Data Uploading Completed!
2021-10-21 11:18:56 AM DataImport          DB Connection Closed!
2021-10-21 11:18:56 AM DataImport          Sending Email...
2021-10-21 11:18:56 AM DataImport          Sending Email Success!
2021-10-21 11:18:56 AM DataImport          Program End
2021-10-21 11:22:19 AM DataImport          Program Start
2021-10-21 11:22:19 AM DataImport          Reading INI file...
2021-10-21 11:22:20 AM DataImport          Reading INI file Completed!
2021-10-21 11:22:20 AM DataImport          DB Connection Open...
2021-10-21 11:22:20 AM DataImport          Start Data Uploading...
2021-10-21 11:22:49 AM DataImport          Upload D:\Development\DataImport\SourceFiles\TC35.HOSTPC.TC3TOALL.ARCSOFR.D210901.TXT Success!
2021-10-21 11:23:31 AM DataImport          Upload D:\Development\DataImport\SourceFiles\TC35.HOSTPC.TC3TOALL.ARCHONIA.D210901.TXT Success!
2021-10-21 11:23:31 AM DataImport          Data Uploading Completed!
2021-10-21 11:23:31 AM DataImport          DB Connection Closed!
2021-10-21 11:23:31 AM DataImport          Sending Email...
2021-10-21 11:30:26 AM DataImport          Program Start
2021-10-21 11:30:26 AM DataImport          Reading INI file...
2021-10-21 11:30:26 AM DataImport          Reading INI file Completed!
2021-10-21 11:30:26 AM DataImport          DB Connection Open...
2021-10-21 11:30:26 AM DataImport          Start Data Uploading...
2021-10-21 11:30:53 AM DataImport          Upload D:\Development\DataImport\SourceFiles\TC35.HOSTPC.TC3TOALL.ARCSOFR.D210901.TXT Success!
2021-10-21 11:31:33 AM DataImport          Upload D:\Development\DataImport\SourceFiles\TC35.HOSTPC.TC3TOALL.ARCHONIA.D210901.TXT Success!
2021-10-21 11:31:33 AM DataImport          Data Uploading Completed!
2021-10-21 11:31:33 AM DataImport          DB Connection Closed!
2021-10-21 11:31:33 AM DataImport          Sending Email...
2021-10-21 11:31:33 AM DataImport          Sending Email Success!
2021-10-21 11:31:33 AM DataImport          Program End
2021-10-21 11:35:56 AM DataImport          Program Start
2021-10-21 11:35:56 AM DataImport          Reading INI file...
2021-10-21 11:35:56 AM DataImport          Reading INI file Completed!
2021-10-21 11:35:56 AM DataImport          DB Connection Open...
2021-10-21 11:35:56 AM DataImport          Start Data Uploading...
2021-10-21 11:36:23 AM DataImport          Upload D:\Development\DataImport\SourceFiles\TC35.HOSTPC.TC3TOALL.ARCSOFR.D210901.TXT Success!
2021-10-21 11:37:03 AM DataImport          Upload D:\Development\DataImport\SourceFiles\TC35.HOSTPC.TC3TOALL.ARCHONIA.D210901.TXT Success!
2021-10-21 11:37:03 AM DataImport          Data Uploading Completed!
2021-10-21 11:37:03 AM DataImport          DB Connection Closed!
2021-10-21 11:37:03 AM DataImport          Sending Email...
2021-10-21 11:37:03 AM DataImport          Sending Email Success!
2021-10-21 11:37:03 AM DataImport          Program End
2021-10-21 11:37:26 AM DataImport          Program Start
2021-10-21 11:37:27 AM DataImport          Reading INI file...
2021-10-21 11:37:28 AM DataImport          Reading INI file Completed!
2021-10-21 11:37:28 AM DataImport          DB Connection Open...
2021-10-21 11:37:28 AM DataImport          Start Data Uploading...
2021-10-21 11:37:56 AM DataImport          Upload D:\Development\DataImport\SourceFiles\TC35.HOSTPC.TC3TOALL.ARCSOFR.D210901.TXT Success!
2021-10-21 11:38:36 AM DataImport          Upload D:\Development\DataImport\SourceFiles\TC35.HOSTPC.TC3TOALL.ARCHONIA.D210901.TXT Success!
2021-10-21 11:38:36 AM DataImport          Data Uploading Error, please check!
2021-10-21 11:38:36 AM DataImport          DB Connection Closed!
2021-10-21 11:38:36 AM DataImport          Sending Email...
2021-10-21 11:38:36 AM DataImport          Sending Email Success!
2021-10-21 11:38:36 AM DataImport          Program End
2021-10-21 12:25:11 PM DataImport          Program Start
2021-10-21 12:25:11 PM DataImport          Reading INI file...
2021-10-21 12:25:12 PM DataImport          Reading INI file Completed!
2021-10-21 12:25:13 PM DataImport          DB Connection Open...
2021-10-21 12:25:13 PM DataImport          Start Data Uploading...
2021-10-21 12:25:40 PM DataImport          Upload D:\Development\DataImport\SourceFiles\TC35.HOSTPC.TC3TOALL.ARCSOFR.D210901.TXT Success!
2021-10-21 12:26:18 PM DataImport          Upload D:\Development\DataImport\SourceFiles\TC35.HOSTPC.TC3TOALL.ARCHONIA.D210901.TXT Success!
2021-10-21 12:26:18 PM DataImport          Data Uploading Error, please check!
2021-10-21 12:26:18 PM DataImport          DB Connection Closed!
2021-10-21 12:26:18 PM DataImport          Sending Email...
2021-10-21 12:26:18 PM DataImport          Sending Email Success!
2021-10-21 12:26:18 PM DataImport          Program End
2021-10-21 02:01:38 PM DataImport          Program Start
2021-10-21 02:01:39 PM DataImport          Reading INI file...
2021-10-21 02:01:40 PM DataImport          Reading INI file Completed!
2021-10-21 02:01:53 PM DataImport          DB Connection Open...
2021-10-21 02:02:58 PM DataImport          Start Data Uploading...
2021-10-21 02:03:41 PM DataImport          Upload D:\Development\DataImport\SourceFiles\TC35.HOSTPC.TC3TOALL.ARCSOFR.D210901.TXT Success!
2021-10-21 02:06:13 PM DataImport          Upload D:\Development\DataImport\SourceFiles\TC35.HOSTPC.TC3TOALL.ARCHONIA.D210901.TXT Success!
2021-10-21 02:09:59 PM DataImport          Upload D:\Development\DataImport\SourceFiles\TC35.HOSTPC.TC3TOALL.ARCCORRA.D210901.TXT Success!
2021-10-21 02:11:08 PM DataImport          Upload D:\Development\DataImport\SourceFiles\TC35.HOSTPC.TC3TOALL.ARCAONIA.D210901.TXT Success!
2021-10-21 02:11:49 PM DataImport          Upload D:\Development\DataImport\SourceFiles\TC35.HOSTPC.TC3TOALL.ARCOCR.D210901.TXT Success!
2021-10-21 02:12:28 PM DataImport          Upload D:\Development\DataImport\SourceFiles\TC35.HOSTPC.TC3TOALL.ARCTONA.D210901.TXT Success!
2021-10-21 02:13:15 PM DataImport          Upload D:\Development\DataImport\SourceFiles\TC35.HOSTPC.TC3TOALL.ARCSARON.D210901.TXT Success!
2021-10-21 02:13:48 PM DataImport          Upload D:\Development\DataImport\SourceFiles\TC35.HOSTPC.TC3TOALL.ARCESTR.D210901.TXT Success!
2021-10-21 02:14:16 PM DataImport          Upload D:\Development\DataImport\SourceFiles\TC35.HOSTPC.TC3TOALL.ARCSONIA.D210901.TXT Success!
2021-10-21 02:15:12 PM DataImport          Upload D:\Development\DataImport\SourceFiles\TC35.HOSTPC.TC3TOALL.ARCSORA.D210901.TXT Success!
2021-10-21 02:15:12 PM DataImport          Data Uploading Completed!
2021-10-21 02:15:12 PM DataImport          DB Connection Closed!
2021-10-21 02:15:12 PM DataImport          Sending Email...
2021-10-21 02:15:12 PM DataImport          Sending Email Success!
2021-10-21 02:15:12 PM DataImport          Program End
2021-10-21 03:44:28 PM DataImport          Program Start
2021-10-21 03:44:28 PM DataImport          Reading INI file...
2021-10-21 03:44:29 PM DataImport          Reading INI file Completed!
2021-10-21 03:58:36 PM DataImport          Program Start
2021-10-21 03:58:36 PM DataImport          Reading INI file...
2021-10-21 03:58:37 PM DataImport          Reading INI file Completed!
2021-10-21 04:00:50 PM DataImport          DB Connection Open...
2021-10-21 04:00:50 PM DataImport          Start Data Uploading...
2021-10-21 04:23:22 PM DataImport          Data Uploading Error, please check!
2021-10-21 04:23:22 PM DataImport          DB Connection Closed!
2021-10-21 04:23:22 PM DataImport          Sending Email...
2021-10-21 04:23:23 PM DataImport          Sending Email Success!
2021-10-21 04:23:23 PM DataImport          Program End
2021-10-21 04:23:40 PM DataImport          Program Start
2021-10-21 04:23:40 PM DataImport          Reading INI file...
2021-10-21 04:23:41 PM DataImport          Reading INI file Completed!
2021-10-21 04:23:51 PM DataImport          DB Connection Open...
2021-10-21 04:23:51 PM DataImport          Start Data Uploading...
2021-10-21 04:31:15 PM DataImport          Program Start
2021-10-21 04:31:15 PM DataImport          Reading INI file...
2021-10-21 04:31:16 PM DataImport          Reading INI file Completed!
2021-10-21 04:31:16 PM DataImport          DB Connection Open...
2021-10-21 04:31:16 PM DataImport          Start Data Uploading...
2021-10-21 04:43:14 PM DataImport          Program Start
2021-10-21 04:43:14 PM DataImport          Reading INI file...
2021-10-21 04:43:15 PM DataImport          Reading INI file Completed!
2021-10-21 04:43:15 PM DataImport          DB Connection Open...
2021-10-21 04:43:15 PM DataImport          Start Data Uploading...
2021-10-21 05:01:18 PM DataImport          Program Start
2021-10-21 05:01:18 PM DataImport          Reading INI file...
2021-10-21 05:01:19 PM DataImport          Reading INI file Completed!
2021-10-21 05:01:20 PM DataImport          DB Connection Open...
2021-10-21 05:01:20 PM DataImport          Start Data Uploading...
2021-10-21 05:02:32 PM DataImport          Program Start
2021-10-21 05:02:33 PM DataImport          Reading INI file...
2021-10-21 05:02:34 PM DataImport          Reading INI file Completed!
2021-10-21 05:02:34 PM DataImport          DB Connection Open...
2021-10-21 05:02:34 PM DataImport          Start Data Uploading...
2021-10-21 05:03:57 PM DataImport          Program Start
2021-10-21 05:03:57 PM DataImport          Reading INI file...
2021-10-21 05:03:58 PM DataImport          Reading INI file Completed!
2021-10-21 05:03:58 PM DataImport          DB Connection Open...
2021-10-21 05:03:58 PM DataImport          Start Data Uploading...
2021-10-21 05:06:47 PM DataImport          Program Start
2021-10-21 05:06:47 PM DataImport          Reading INI file...
2021-10-21 05:06:48 PM DataImport          Reading INI file Completed!
2021-10-21 05:06:48 PM DataImport          DB Connection Open...
2021-10-21 05:06:48 PM DataImport          Start Data Uploading...
2021-10-21 05:07:29 PM DataImport          Upload D:\Development\DataImport\SourceFiles\TC35.HOSTPC.TC3TOALL.ARCSOFR.D210901.TXT Success!
2021-10-21 05:09:21 PM DataImport          Upload D:\Development\DataImport\SourceFiles\TC35.HOSTPC.TC3TOALL.ARCHONIA.D210901.TXT Success!
2021-10-21 05:10:00 PM DataImport          Upload D:\Development\DataImport\SourceFiles\TC35.HOSTPC.TC3TOALL.ARCCORRA.D210901.TXT Success!
2021-10-21 05:10:21 PM DataImport          Upload D:\Development\DataImport\SourceFiles\TC35.HOSTPC.TC3TOALL.ARCAONIA.D210901.TXT Success!
2021-10-21 05:10:34 PM DataImport          Upload D:\Development\DataImport\SourceFiles\TC35.HOSTPC.TC3TOALL.ARCOCR.D210901.TXT Success!
2021-10-21 05:10:56 PM DataImport          Upload D:\Development\DataImport\SourceFiles\TC35.HOSTPC.TC3TOALL.ARCTONA.D210901.TXT Success!
2021-10-21 05:11:36 PM DataImport          Upload D:\Development\DataImport\SourceFiles\TC35.HOSTPC.TC3TOALL.ARCSARON.D210901.TXT Success!
2021-10-21 05:11:58 PM DataImport          Upload D:\Development\DataImport\SourceFiles\TC35.HOSTPC.TC3TOALL.ARCESTR.D210901.TXT Success!
2021-10-21 05:12:21 PM DataImport          Upload D:\Development\DataImport\SourceFiles\TC35.HOSTPC.TC3TOALL.ARCSONIA.D210901.TXT Success!
2021-10-21 05:12:46 PM DataImport          Upload D:\Development\DataImport\SourceFiles\TC35.HOSTPC.TC3TOALL.ARCSORA.D210901.TXT Success!
2021-10-21 05:12:46 PM DataImport          Data Uploading Completed!
2021-10-21 05:12:46 PM DataImport          DB Connection Closed!
2021-10-21 05:12:46 PM DataImport          Sending Email...
2021-10-21 05:12:46 PM DataImport          Sending Email Success!
2021-10-21 05:12:46 PM DataImport          Program End
2021-10-21 05:15:01 PM DataImport          Program Start
2021-10-21 05:15:01 PM DataImport          Reading INI file...
2021-10-21 05:15:02 PM DataImport          Reading INI file Completed!
2021-10-21 05:15:03 PM DataImport          DB Connection Open...
2021-10-21 05:15:03 PM DataImport          Start Data Uploading...
2021-10-21 05:15:31 PM DataImport          Upload D:\Development\DataImport\SourceFiles\TC35.HOSTPC.TC3TOALL.ARCSOFR.D210901.TXT Success!
2021-10-21 05:16:12 PM DataImport          Upload D:\Development\DataImport\SourceFiles\TC35.HOSTPC.TC3TOALL.ARCHONIA.D210901.TXT Success!
2021-10-21 05:16:54 PM DataImport          Upload D:\Development\DataImport\SourceFiles\TC35.HOSTPC.TC3TOALL.ARCCORRA.D210901.TXT Success!
2021-10-21 05:17:17 PM DataImport          Upload D:\Development\DataImport\SourceFiles\TC35.HOSTPC.TC3TOALL.ARCAONIA.D210901.TXT Success!
2021-10-21 05:17:31 PM DataImport          Upload D:\Development\DataImport\SourceFiles\TC35.HOSTPC.TC3TOALL.ARCOCR.D210901.TXT Success!
2021-10-21 05:17:56 PM DataImport          Upload D:\Development\DataImport\SourceFiles\TC35.HOSTPC.TC3TOALL.ARCTONA.D210901.TXT Success!
2021-10-21 05:18:37 PM DataImport          Upload D:\Development\DataImport\SourceFiles\TC35.HOSTPC.TC3TOALL.ARCSARON.D210901.TXT Success!
2021-10-21 05:19:02 PM DataImport          Upload D:\Development\DataImport\SourceFiles\TC35.HOSTPC.TC3TOALL.ARCESTR.D210901.TXT Success!
2021-10-21 05:19:26 PM DataImport          Upload D:\Development\DataImport\SourceFiles\TC35.HOSTPC.TC3TOALL.ARCSONIA.D210901.TXT Success!
2021-10-21 05:19:52 PM DataImport          Upload D:\Development\DataImport\SourceFiles\TC35.HOSTPC.TC3TOALL.ARCSORA.D210901.TXT Success!
2021-10-21 05:19:52 PM DataImport          Data Uploading Completed!
2021-10-21 05:19:52 PM DataImport          DB Connection Closed!
2021-10-21 05:19:52 PM DataImport          Sending Email...
2021-10-21 05:19:52 PM DataImport          Sending Email Success!
2021-10-21 05:19:52 PM DataImport          Program End
2021-11-15 11:40:51 AM GenRPAFile          
2021-11-15 11:40:51 AM GenRPAFile          
2021-11-15 11:40:51 AM GenRPAFile          
2021-11-15 11:40:51 AM GenRPAFile          
2021-11-15 11:43:23 AM GenRPAFile          
2021-11-15 11:43:23 AM GenRPAFile          
2021-11-15 11:43:24 AM GenRPAFile          
2021-11-15 11:43:24 AM GenRPAFile          
2021-11-15 12:16:56 PM GenRPAFile          
2021-11-15 12:16:57 PM GenRPAFile          
2021-11-15 12:16:57 PM GenRPAFile          
2021-11-15 12:16:57 PM GenRPAFile          
2021-11-15 12:21:02 PM GenRPAFile          
2021-11-15 12:21:02 PM GenRPAFile          
2021-11-15 12:21:02 PM GenRPAFile          
2021-11-15 12:21:02 PM GenRPAFile          
2021-11-15 12:21:20 PM GenRPAFile          
2021-11-15 12:21:20 PM GenRPAFile          
2021-11-15 12:21:20 PM GenRPAFile          
2021-11-15 12:21:20 PM GenRPAFile          
2021-11-15 12:22:22 PM GenRPAFile          
2021-11-15 12:22:22 PM GenRPAFile          
2021-11-15 12:22:22 PM GenRPAFile          
2021-11-15 12:22:22 PM GenRPAFile          
2021-11-15 02:00:28 PM GenRPAFile          
2021-11-15 02:00:28 PM GenRPAFile          
2021-11-15 02:00:28 PM GenRPAFile          
2021-11-15 02:00:28 PM GenRPAFile          
2021-11-15 02:02:23 PM GenRPAFile          
2021-11-15 02:02:23 PM GenRPAFile          
2021-11-15 02:02:24 PM GenRPAFile          
2021-11-15 02:02:24 PM GenRPAFile          
2021-11-15 02:12:45 PM GenRPAFile          
2021-11-15 02:12:45 PM GenRPAFile          
2021-11-15 02:12:45 PM GenRPAFile          
2021-11-15 02:12:45 PM GenRPAFile          
2021-11-15 02:12:47 PM GenRPAFile          
2021-11-15 02:12:47 PM GenRPAFile          
2021-11-15 02:12:47 PM GenRPAFile          
2021-11-15 02:12:47 PM GenRPAFile          
2021-11-15 02:20:10 PM GenRPAFile          
2021-11-15 02:20:10 PM GenRPAFile          
2021-11-15 02:20:10 PM GenRPAFile          
2021-11-15 02:20:10 PM GenRPAFile          
2021-11-15 02:20:12 PM GenRPAFile          
2021-11-15 02:20:12 PM GenRPAFile          
2021-11-15 02:20:13 PM GenRPAFile          
2021-11-15 02:20:13 PM GenRPAFile          
2021-11-15 02:21:17 PM GenRPAFile          
2021-11-15 02:21:17 PM GenRPAFile          
2021-11-15 02:21:17 PM GenRPAFile          
2021-11-15 02:21:17 PM GenRPAFile          
2021-11-15 02:32:06 PM GenRPAFile          
2021-11-15 02:32:06 PM GenRPAFile          
2021-11-15 02:32:06 PM GenRPAFile          
2021-11-15 02:32:06 PM GenRPAFile          
2021-11-15 02:32:13 PM GenRPAFile          
2021-11-15 02:32:13 PM GenRPAFile          
2021-11-15 02:32:13 PM GenRPAFile          
2021-11-15 02:32:13 PM GenRPAFile          
2021-11-15 02:42:03 PM GenRPAFile          
2021-11-15 02:42:03 PM GenRPAFile          
2021-11-15 02:42:03 PM GenRPAFile          
2021-11-15 02:42:03 PM GenRPAFile          
2021-11-15 02:42:05 PM GenRPAFile          
2021-11-15 02:42:05 PM GenRPAFile          
2021-11-15 02:42:05 PM GenRPAFile          
2021-11-15 02:42:05 PM GenRPAFile          
2021-11-15 02:49:58 PM GenRPAFile          
2021-11-15 02:49:58 PM GenRPAFile          
2021-11-15 02:49:59 PM GenRPAFile          
2021-11-15 02:49:59 PM GenRPAFile          
2021-11-15 02:50:00 PM GenRPAFile          
2021-11-15 02:50:00 PM GenRPAFile          
2021-11-15 02:50:01 PM GenRPAFile          
2021-11-15 02:50:01 PM GenRPAFile          
2021-11-15 02:55:48 PM GenRPAFile          
2021-11-15 02:55:48 PM GenRPAFile          
2021-11-15 02:55:48 PM GenRPAFile          
2021-11-15 02:55:48 PM GenRPAFile          
2021-11-15 02:55:50 PM GenRPAFile          
2021-11-15 02:55:50 PM GenRPAFile          
2021-11-15 02:55:51 PM GenRPAFile          
2021-11-15 02:55:51 PM GenRPAFile          
2021-11-15 03:08:18 PM GenRPAFile          
2021-11-15 03:08:19 PM GenRPAFile          
2021-11-15 03:08:19 PM GenRPAFile          
2021-11-15 03:08:19 PM GenRPAFile          
2021-11-15 03:13:16 PM GenRPAFile          
2021-11-15 03:13:16 PM GenRPAFile          
2021-11-15 03:13:16 PM GenRPAFile          
2021-11-15 03:13:16 PM GenRPAFile          
2021-11-15 03:13:20 PM GenRPAFile          
2021-11-15 03:13:20 PM GenRPAFile          
2021-11-15 03:13:21 PM GenRPAFile          
2021-11-15 03:13:21 PM GenRPAFile          
2021-11-15 03:29:30 PM GenRPAFile          
2021-11-15 03:29:30 PM GenRPAFile          
2021-11-15 03:29:30 PM GenRPAFile          
2021-11-15 03:29:30 PM GenRPAFile          
2021-11-15 03:29:32 PM GenRPAFile          
2021-11-15 03:29:32 PM GenRPAFile          
2021-11-15 03:29:33 PM GenRPAFile          
2021-11-15 03:29:33 PM GenRPAFile          
2021-11-15 03:32:42 PM GenRPAFile          
2021-11-15 03:32:42 PM GenRPAFile          
2021-11-15 03:32:42 PM GenRPAFile          
2021-11-15 03:32:42 PM GenRPAFile          
2021-11-15 03:32:44 PM GenRPAFile          
2021-11-15 03:32:44 PM GenRPAFile          
2021-11-15 03:32:44 PM GenRPAFile          
2021-11-15 03:32:44 PM GenRPAFile          
2021-11-15 03:33:55 PM GenRPAFile          
2021-11-15 03:33:55 PM GenRPAFile          
2021-11-15 03:33:55 PM GenRPAFile          
2021-11-15 03:33:55 PM GenRPAFile          
2021-11-15 03:46:07 PM GenRPAFile          
2021-11-15 03:46:07 PM GenRPAFile          
2021-11-15 03:46:07 PM GenRPAFile          
2021-11-15 03:46:07 PM GenRPAFile          
2021-11-15 03:46:09 PM GenRPAFile          
2021-11-15 03:46:09 PM GenRPAFile          
2021-11-15 03:46:09 PM GenRPAFile          
2021-11-15 03:46:09 PM GenRPAFile          
2021-12-22 06:32:58 PM DataImport          Program Start
2021-12-22 06:33:02 PM DataImport          Reading INI file...
2021-12-22 06:33:03 PM DataImport          Reading INI file Completed!
2021-12-22 06:33:03 PM DataImport          DB Connection Open...
2021-12-22 06:33:03 PM DataImport          Start Data Uploading...
2021-12-22 06:33:07 PM DataImport          ARR_RATE: Delete History Data older then 24 Months!
2021-12-22 06:33:07 PM DataImport          ARR_RATE: Delete run_date uploaded data!
2021-12-22 06:33:07 PM DataImport          ARR_RATE: Delete History Data older then 24 Months!
2021-12-22 06:33:08 PM DataImport          ARR_RATE: Delete run_date uploaded data!
2021-12-22 06:33:08 PM DataImport          ARR_RATE: Delete History Data older then 24 Months!
2021-12-22 06:33:08 PM DataImport          ARR_RATE: Delete run_date uploaded data!
2021-12-22 06:33:08 PM DataImport          ARR_RATE: Delete History Data older then 24 Months!
2021-12-22 06:33:08 PM DataImport          ARR_RATE: Delete run_date uploaded data!
2021-12-22 06:33:08 PM DataImport          ARR_RATE: Delete History Data older then 24 Months!
2021-12-22 06:33:09 PM DataImport          ARR_RATE: Delete run_date uploaded data!
2021-12-22 06:33:09 PM DataImport          ARR_RATE: Delete History Data older then 24 Months!
2021-12-22 06:33:09 PM DataImport          ARR_RATE: Delete run_date uploaded data!
2021-12-22 06:33:09 PM DataImport          ARR_RATE: Delete History Data older then 24 Months!
2021-12-22 06:33:09 PM DataImport          ARR_RATE: Delete run_date uploaded data!
2021-12-22 06:33:09 PM DataImport          ARR_RATE: Delete History Data older then 24 Months!
2021-12-22 06:33:10 PM DataImport          ARR_RATE: Delete run_date uploaded data!
2021-12-22 06:33:10 PM DataImport          ARR_RATE: Delete History Data older then 24 Months!
2021-12-22 06:33:10 PM DataImport          ARR_RATE: Delete run_date uploaded data!
2021-12-22 06:33:10 PM DataImport          ARR_RATE: Delete History Data older then 24 Months!
2021-12-22 06:33:10 PM DataImport          ARR_RATE: Delete run_date uploaded data!
2021-12-22 06:33:18 PM DataImport          Upload D:\cygwinhome\BIL\0101411\Enq\RCV\TC35.HOSTPC.TC3TOALL.ARCSOFR.D211123.TXT Success!
2021-12-22 06:33:39 PM DataImport          Upload D:\cygwinhome\BIL\0101411\Enq\RCV\TC35.HOSTPC.TC3TOALL.ARCHONIA.D211123.TXT Success!
2021-12-22 06:33:56 PM DataImport          Upload D:\cygwinhome\BIL\0101411\Enq\RCV\TC35.HOSTPC.TC3TOALL.ARCCORRA.D211123.TXT Success!
2021-12-22 06:34:23 PM DataImport          Upload D:\cygwinhome\BIL\0101411\Enq\RCV\TC35.HOSTPC.TC3TOALL.ARCAONIA.D211123.TXT Success!
2021-12-22 06:34:45 PM DataImport          Upload D:\cygwinhome\BIL\0101411\Enq\RCV\TC35.HOSTPC.TC3TOALL.ARCOCR.D211123.TXT Success!
2021-12-22 06:35:12 PM DataImport          Upload D:\cygwinhome\BIL\0101411\Enq\RCV\TC35.HOSTPC.TC3TOALL.ARCTONA.D211123.TXT Success!
2021-12-22 06:35:31 PM DataImport          Upload D:\cygwinhome\BIL\0101411\Enq\RCV\TC35.HOSTPC.TC3TOALL.ARCSARON.D211123.TXT Success!
2021-12-22 06:35:57 PM DataImport          Upload D:\cygwinhome\BIL\0101411\Enq\RCV\TC35.HOSTPC.TC3TOALL.ARCESTR.D211123.TXT Success!
2021-12-22 06:35:57 PM DataImport          Upload D:\cygwinhome\BIL\0101411\Enq\RCV\TC35.HOSTPC.TC3TOALL.ARCSONIA.D211123.TXT Success!
2021-12-22 06:36:05 PM DataImport          Upload D:\cygwinhome\BIL\0101411\Enq\RCV\TC35.HOSTPC.TC3TOALL.ARCSORA.D211123.TXT Success!
2021-12-22 06:36:05 PM DataImport          Data Uploading Completed!
2021-12-22 06:36:05 PM DataImport          DB Connection Closed!
2021-12-22 06:36:05 PM DataImport          Sending Email...
2021-12-22 06:36:05 PM DataImport          Sending Email Success!
2021-12-22 06:36:05 PM DataImport          Program End
2021-12-22 06:41:23 PM DataImport          Program Start
2021-12-22 06:41:23 PM DataImport          Reading INI file...
2021-12-22 06:41:23 PM DataImport          Reading INI file Completed!
2021-12-22 06:41:24 PM DataImport          DB Connection Open...
2021-12-22 06:41:24 PM DataImport          Start Data Uploading...
2021-12-22 06:41:25 PM DataImport          ARR_TERM_RATE: Delete History Data older then 24 Months!
2021-12-22 06:41:25 PM DataImport          ARR_TERM_RATE: Delete run_date uploaded data!
2021-12-22 06:41:25 PM DataImport          Upload D:\cygwinhome\BIL\0101411\Enq\RCV\TC35.HOSTPC.TC3TOALL.TERMARR.D211123.TXT Success!
2021-12-22 06:41:25 PM DataImport          Data Uploading Completed!
2021-12-22 06:41:25 PM DataImport          DB Connection Closed!
2021-12-22 06:41:25 PM DataImport          Sending Email...
2021-12-22 06:41:25 PM DataImport          Sending Email Success!
2021-12-22 06:41:25 PM DataImport          Program End
2022-01-01 06:15:11 PM DataImport          Program Start
2022-01-01 06:15:11 PM DataImport          Reading INI file...
2022-01-01 06:15:12 PM DataImport          Reading INI file Completed!
2022-01-01 06:15:12 PM DataImport          DB Connection Open...
2022-01-01 06:15:12 PM DataImport          Start Data Uploading...
2022-01-02 05:41:06 PM DataImport          Program Start
2022-01-02 05:41:06 PM DataImport          Reading INI file...
2022-01-02 05:41:07 PM DataImport          Reading INI file Completed!
2022-01-02 05:41:07 PM DataImport          DB Connection Open...
2022-01-02 05:41:07 PM DataImport          Start Data Uploading...
2022-01-02 05:48:07 PM DataImport          Program Start
2022-01-02 05:48:07 PM DataImport          Reading INI file...
2022-01-02 05:48:08 PM DataImport          Reading INI file Completed!
2022-01-02 05:48:08 PM DataImport          DB Connection Open...
2022-01-02 05:48:08 PM DataImport          Start Data Uploading...
2022-01-02 06:03:29 PM DataImport          Program Start
2022-01-02 06:03:29 PM DataImport          Reading INI file...
2022-01-02 06:03:30 PM DataImport          Reading INI file Completed!
2022-01-02 06:03:30 PM DataImport          DB Connection Open...
2022-01-02 06:03:30 PM DataImport          Start Data Uploading...
2022-01-02 06:03:31 PM DataImport          ARR_RATE: Delete run_date uploaded data!
2022-01-02 06:03:31 PM DataImport          ARR_RATE: Delete run_date uploaded data!
2022-01-02 06:03:32 PM DataImport          ARR_RATE: Delete run_date uploaded data!
2022-01-02 06:03:32 PM DataImport          ARR_RATE: Delete run_date uploaded data!
2022-01-02 06:03:33 PM DataImport          ARR_RATE: Delete run_date uploaded data!
2022-01-02 06:03:33 PM DataImport          ARR_RATE: Delete run_date uploaded data!
2022-01-02 06:03:33 PM DataImport          ARR_RATE: Delete run_date uploaded data!
2022-01-02 06:03:34 PM DataImport          ARR_RATE: Delete run_date uploaded data!
2022-01-02 06:03:34 PM DataImport          ARR_RATE: Delete run_date uploaded data!
2022-01-02 06:03:34 PM DataImport          ARR_RATE: Delete run_date uploaded data!
2022-01-02 06:03:34 PM DataImport          TC35.HOSTPC.TC3TOALL.ARCSOFR.D211202.TXT not exists, please check!
2022-01-02 06:04:28 PM DataImport          Program Start
2022-01-02 06:04:29 PM DataImport          Reading INI file...
2022-01-02 06:04:29 PM DataImport          Reading INI file Completed!
2022-01-02 06:04:30 PM DataImport          DB Connection Open...
2022-01-02 06:04:30 PM DataImport          Start Data Uploading...
2022-01-02 06:05:26 PM DataImport          ARR_RATE: Delete run_date uploaded data!
2022-01-02 06:05:42 PM DataImport          ARR_RATE: Delete run_date uploaded data!
2022-01-02 06:05:48 PM DataImport          ARR_RATE: Delete run_date uploaded data!
2022-01-02 06:05:48 PM DataImport          ARR_RATE: Delete run_date uploaded data!
2022-01-02 06:05:49 PM DataImport          ARR_RATE: Delete run_date uploaded data!
2022-01-02 06:05:49 PM DataImport          ARR_RATE: Delete run_date uploaded data!
2022-01-02 06:05:49 PM DataImport          ARR_RATE: Delete run_date uploaded data!
2022-01-02 06:05:50 PM DataImport          ARR_RATE: Delete run_date uploaded data!
2022-01-02 06:05:50 PM DataImport          ARR_RATE: Delete run_date uploaded data!
2022-01-02 06:05:51 PM DataImport          ARR_RATE: Delete run_date uploaded data!
2022-01-02 06:07:57 PM DataImport          Program Start
2022-01-02 06:07:57 PM DataImport          Reading INI file...
2022-01-02 06:07:58 PM DataImport          Reading INI file Completed!
2022-01-02 06:07:58 PM DataImport          DB Connection Open...
2022-01-02 06:07:58 PM DataImport          Start Data Uploading...
2022-01-02 06:08:03 PM DataImport          ARR_RATE: Delete run_date uploaded data!
2022-01-02 06:08:04 PM DataImport          ARR_RATE: Delete run_date uploaded data!
2022-01-02 06:08:04 PM DataImport          ARR_RATE: Delete run_date uploaded data!
2022-01-02 06:08:04 PM DataImport          ARR_RATE: Delete run_date uploaded data!
2022-01-02 06:08:05 PM DataImport          ARR_RATE: Delete run_date uploaded data!
2022-01-02 06:08:05 PM DataImport          ARR_RATE: Delete run_date uploaded data!
2022-01-02 06:08:06 PM DataImport          ARR_RATE: Delete run_date uploaded data!
2022-01-02 06:08:06 PM DataImport          ARR_RATE: Delete run_date uploaded data!
2022-01-02 06:08:06 PM DataImport          ARR_RATE: Delete run_date uploaded data!
2022-01-02 06:08:07 PM DataImport          ARR_RATE: Delete run_date uploaded data!
2022-01-02 06:08:08 PM DataImport          TC35.HOSTPC.TC3TOALL.ARCSOFR.D211202.TXT not exists, please check!
2022-01-02 06:08:08 PM DataImport          TC35.HOSTPC.TC3TOALL.ARCHONIA.D211202.TXT not exists, please check!
2022-01-02 06:08:08 PM DataImport          TC35.HOSTPC.TC3TOALL.ARCCORRA.D211202.TXT not exists, please check!
2022-01-02 06:08:09 PM DataImport          TC35.HOSTPC.TC3TOALL.ARCAONIA.D211202.TXT not exists, please check!
2022-01-02 06:08:09 PM DataImport          TC35.HOSTPC.TC3TOALL.ARCOCR.D211202.TXT not exists, please check!
2022-01-02 06:08:09 PM DataImport          TC35.HOSTPC.TC3TOALL.ARCTONA.D211202.TXT not exists, please check!
2022-01-02 06:08:09 PM DataImport          TC35.HOSTPC.TC3TOALL.ARCSARON.D211202.TXT not exists, please check!
2022-01-02 06:08:09 PM DataImport          TC35.HOSTPC.TC3TOALL.ARCESTR.D211202.TXT not exists, please check!
2022-01-02 06:08:09 PM DataImport          TC35.HOSTPC.TC3TOALL.ARCSONIA.D211202.TXT not exists, please check!
2022-01-02 06:08:10 PM DataImport          TC35.HOSTPC.TC3TOALL.ARCSORA.D211202.TXT not exists, please check!
2022-01-02 06:08:10 PM DataImport          ARR_RATE: Delete run_date uploaded data!
2022-01-02 06:08:10 PM DataImport          ARR_RATE: Delete run_date uploaded data!
2022-01-02 06:08:11 PM DataImport          ARR_RATE: Delete run_date uploaded data!
2022-01-02 06:08:11 PM DataImport          ARR_RATE: Delete run_date uploaded data!
2022-01-02 06:08:12 PM DataImport          ARR_RATE: Delete run_date uploaded data!
2022-01-02 06:08:12 PM DataImport          ARR_RATE: Delete run_date uploaded data!
2022-01-02 06:08:12 PM DataImport          ARR_RATE: Delete run_date uploaded data!
2022-01-02 06:08:13 PM DataImport          ARR_RATE: Delete run_date uploaded data!
2022-01-02 06:08:13 PM DataImport          ARR_RATE: Delete run_date uploaded data!
2022-01-02 06:08:13 PM DataImport          ARR_RATE: Delete run_date uploaded data!
2022-01-02 06:08:16 PM DataImport          TC35.HOSTPC.TC3TOALL.ARCSOFR.D211203.TXT not exists, please check!
2022-01-02 06:08:16 PM DataImport          TC35.HOSTPC.TC3TOALL.ARCHONIA.D211203.TXT not exists, please check!
2022-01-02 06:08:16 PM DataImport          TC35.HOSTPC.TC3TOALL.ARCCORRA.D211203.TXT not exists, please check!
2022-01-02 06:08:16 PM DataImport          TC35.HOSTPC.TC3TOALL.ARCAONIA.D211203.TXT not exists, please check!
2022-01-02 06:08:16 PM DataImport          TC35.HOSTPC.TC3TOALL.ARCOCR.D211203.TXT not exists, please check!
2022-01-02 06:08:16 PM DataImport          TC35.HOSTPC.TC3TOALL.ARCTONA.D211203.TXT not exists, please check!
2022-01-02 06:08:17 PM DataImport          TC35.HOSTPC.TC3TOALL.ARCSARON.D211203.TXT not exists, please check!
2022-01-02 06:08:17 PM DataImport          TC35.HOSTPC.TC3TOALL.ARCESTR.D211203.TXT not exists, please check!
2022-01-02 06:08:17 PM DataImport          TC35.HOSTPC.TC3TOALL.ARCSONIA.D211203.TXT not exists, please check!
2022-01-02 06:08:17 PM DataImport          TC35.HOSTPC.TC3TOALL.ARCSORA.D211203.TXT not exists, please check!
2022-01-02 06:08:18 PM DataImport          ARR_RATE: Delete run_date uploaded data!
2022-01-02 06:08:18 PM DataImport          ARR_RATE: Delete run_date uploaded data!
2022-01-02 06:08:18 PM DataImport          ARR_RATE: Delete run_date uploaded data!
2022-01-02 06:08:19 PM DataImport          ARR_RATE: Delete run_date uploaded data!
2022-01-02 06:08:19 PM DataImport          ARR_RATE: Delete run_date uploaded data!
2022-01-02 06:08:20 PM DataImport          ARR_RATE: Delete run_date uploaded data!
2022-01-02 06:08:20 PM DataImport          ARR_RATE: Delete run_date uploaded data!
2022-01-02 06:08:20 PM DataImport          ARR_RATE: Delete run_date uploaded data!
2022-01-02 06:08:21 PM DataImport          ARR_RATE: Delete run_date uploaded data!
2022-01-02 06:08:21 PM DataImport          ARR_RATE: Delete run_date uploaded data!
2022-01-02 06:08:21 PM DataImport          TC35.HOSTPC.TC3TOALL.ARCSOFR.D211204.TXT not exists, please check!
2022-01-02 06:08:21 PM DataImport          TC35.HOSTPC.TC3TOALL.ARCHONIA.D211204.TXT not exists, please check!
2022-01-02 06:08:21 PM DataImport          TC35.HOSTPC.TC3TOALL.ARCCORRA.D211204.TXT not exists, please check!
2022-01-02 06:08:22 PM DataImport          TC35.HOSTPC.TC3TOALL.ARCAONIA.D211204.TXT not exists, please check!
2022-01-02 06:08:22 PM DataImport          TC35.HOSTPC.TC3TOALL.ARCOCR.D211204.TXT not exists, please check!
2022-01-02 06:08:22 PM DataImport          TC35.HOSTPC.TC3TOALL.ARCTONA.D211204.TXT not exists, please check!
2022-01-02 06:08:22 PM DataImport          TC35.HOSTPC.TC3TOALL.ARCSARON.D211204.TXT not exists, please check!
2022-01-02 06:08:22 PM DataImport          TC35.HOSTPC.TC3TOALL.ARCESTR.D211204.TXT not exists, please check!
2022-01-02 06:08:22 PM DataImport          TC35.HOSTPC.TC3TOALL.ARCSONIA.D211204.TXT not exists, please check!
2022-01-02 06:08:23 PM DataImport          TC35.HOSTPC.TC3TOALL.ARCSORA.D211204.TXT not exists, please check!
2022-01-02 06:08:23 PM DataImport          ARR_RATE: Delete run_date uploaded data!
2022-01-02 06:08:24 PM DataImport          ARR_RATE: Delete run_date uploaded data!
2022-01-02 06:08:24 PM DataImport          ARR_RATE: Delete run_date uploaded data!
2022-01-02 06:08:24 PM DataImport          ARR_RATE: Delete run_date uploaded data!
2022-01-02 06:08:25 PM DataImport          ARR_RATE: Delete run_date uploaded data!
2022-01-02 06:08:25 PM DataImport          ARR_RATE: Delete run_date uploaded data!
2022-01-02 06:08:25 PM DataImport          ARR_RATE: Delete run_date uploaded data!
2022-01-02 06:08:26 PM DataImport          ARR_RATE: Delete run_date uploaded data!
2022-01-02 06:08:26 PM DataImport          ARR_RATE: Delete run_date uploaded data!
2022-01-02 06:08:27 PM DataImport          ARR_RATE: Delete run_date uploaded data!
2022-01-02 06:08:27 PM DataImport          TC35.HOSTPC.TC3TOALL.ARCSOFR.D211205.TXT not exists, please check!
2022-01-02 06:08:27 PM DataImport          TC35.HOSTPC.TC3TOALL.ARCHONIA.D211205.TXT not exists, please check!
2022-01-02 06:08:27 PM DataImport          TC35.HOSTPC.TC3TOALL.ARCCORRA.D211205.TXT not exists, please check!
2022-01-02 06:08:27 PM DataImport          TC35.HOSTPC.TC3TOALL.ARCAONIA.D211205.TXT not exists, please check!
2022-01-02 06:08:27 PM DataImport          TC35.HOSTPC.TC3TOALL.ARCOCR.D211205.TXT not exists, please check!
2022-01-02 06:08:27 PM DataImport          TC35.HOSTPC.TC3TOALL.ARCTONA.D211205.TXT not exists, please check!
2022-01-02 06:08:28 PM DataImport          TC35.HOSTPC.TC3TOALL.ARCSARON.D211205.TXT not exists, please check!
2022-01-02 06:08:28 PM DataImport          TC35.HOSTPC.TC3TOALL.ARCESTR.D211205.TXT not exists, please check!
2022-01-02 06:08:28 PM DataImport          TC35.HOSTPC.TC3TOALL.ARCSONIA.D211205.TXT not exists, please check!
2022-01-02 06:08:28 PM DataImport          TC35.HOSTPC.TC3TOALL.ARCSORA.D211205.TXT not exists, please check!
2022-01-02 06:08:29 PM DataImport          ARR_RATE: Delete run_date uploaded data!
2022-01-02 06:08:29 PM DataImport          ARR_RATE: Delete run_date uploaded data!
2022-01-02 06:08:29 PM DataImport          ARR_RATE: Delete run_date uploaded data!
2022-01-02 06:08:30 PM DataImport          ARR_RATE: Delete run_date uploaded data!
2022-01-02 06:08:30 PM DataImport          ARR_RATE: Delete run_date uploaded data!
2022-01-02 06:08:31 PM DataImport          ARR_RATE: Delete run_date uploaded data!
2022-01-02 06:08:31 PM DataImport          ARR_RATE: Delete run_date uploaded data!
2022-01-02 06:08:31 PM DataImport          ARR_RATE: Delete run_date uploaded data!
2022-01-02 06:08:32 PM DataImport          ARR_RATE: Delete run_date uploaded data!
2022-01-02 06:08:32 PM DataImport          ARR_RATE: Delete run_date uploaded data!
2022-01-02 06:08:32 PM DataImport          TC35.HOSTPC.TC3TOALL.ARCSOFR.D211206.TXT not exists, please check!
2022-01-02 06:08:32 PM DataImport          TC35.HOSTPC.TC3TOALL.ARCHONIA.D211206.TXT not exists, please check!
2022-01-02 06:08:32 PM DataImport          TC35.HOSTPC.TC3TOALL.ARCCORRA.D211206.TXT not exists, please check!
2022-01-02 06:08:33 PM DataImport          TC35.HOSTPC.TC3TOALL.ARCAONIA.D211206.TXT not exists, please check!
2022-01-02 06:08:33 PM DataImport          TC35.HOSTPC.TC3TOALL.ARCOCR.D211206.TXT not exists, please check!
2022-01-02 06:08:33 PM DataImport          TC35.HOSTPC.TC3TOALL.ARCTONA.D211206.TXT not exists, please check!
2022-01-02 06:08:33 PM DataImport          TC35.HOSTPC.TC3TOALL.ARCSARON.D211206.TXT not exists, please check!
2022-01-02 06:08:33 PM DataImport          TC35.HOSTPC.TC3TOALL.ARCESTR.D211206.TXT not exists, please check!
2022-01-02 06:08:33 PM DataImport          TC35.HOSTPC.TC3TOALL.ARCSONIA.D211206.TXT not exists, please check!
2022-01-02 06:08:34 PM DataImport          TC35.HOSTPC.TC3TOALL.ARCSORA.D211206.TXT not exists, please check!
2022-01-02 06:08:34 PM DataImport          Data Uploading Completed!
2022-01-02 06:08:34 PM DataImport          DB Connection Closed!
2022-01-02 06:08:34 PM DataImport          Sending Email...
2022-01-02 06:08:34 PM DataImport          Sending Email Success!
2022-01-02 06:08:34 PM DataImport          Program End
2022-01-02 06:48:58 PM DataImport          Program Start
2022-01-02 06:48:58 PM DataImport          Reading INI file...
2022-01-02 06:48:58 PM DataImport          Reading INI file Completed!
2022-01-02 06:48:59 PM DataImport          DB Connection Open...
2022-01-02 06:48:59 PM DataImport          Start Data Uploading...
