2021-11-16 05:49:41 PM GenRPAFile          Program Start
2021-11-16 05:49:41 PM GenRPAFile          Reading INI file...
2021-11-16 05:49:41 PM GenRPAFile          DB Connection Open...
2021-11-16 05:49:41 PM GenRPAFile          Start Generating Report...
2021-11-16 05:49:49 PM GenRPAFile          Generating Report Completed!
2021-11-16 05:49:49 PM GenRPAFile          DB Connection Closed!
2021-11-16 05:49:49 PM GenRPAFile          Sending Email...
2021-11-16 05:49:49 PM GenRPAFile          Sending Email Success!
2021-11-16 05:49:49 PM GenRPAFile          Program End
2021-11-21 03:20:57 PM GenRPAFile          Program Start
2021-11-21 03:20:57 PM GenRPAFile          Reading INI file...
2021-11-21 03:20:57 PM GenRPAFile          DB Connection Open...
2021-11-21 03:20:57 PM GenRPAFile          Start Generating Report...
2021-11-21 03:21:14 PM GenRPAFile          Generating Report Error, please check!
2021-11-21 03:21:14 PM GenRPAFile          DB Connection Closed!
2021-11-21 03:21:14 PM GenRPAFile          Sending Email...
2021-11-21 03:21:15 PM GenRPAFile          Sending Email Success!
2021-11-21 03:21:15 PM GenRPAFile          Program End
2021-11-21 03:22:34 PM GenRPAFile          Program Start
2021-11-21 03:22:35 PM GenRPAFile          Reading INI file...
2021-11-21 03:22:35 PM GenRPAFile          DB Connection Open...
2021-11-21 03:22:35 PM GenRPAFile          Start Generating Report...
2021-11-21 03:23:55 PM GenRPAFile          Program Start
2021-11-21 03:23:55 PM GenRPAFile          Reading INI file...
2021-11-21 03:23:55 PM GenRPAFile          DB Connection Open...
2021-11-21 03:23:56 PM GenRPAFile          Start Generating Report...
2021-11-21 03:31:00 PM GenRPAFile          Program Start
2021-11-21 03:31:00 PM GenRPAFile          Reading INI file...
2021-11-21 03:31:00 PM GenRPAFile          DB Connection Open...
2021-11-21 03:31:00 PM GenRPAFile          Start Generating Report...
2021-11-21 03:31:04 PM GenRPAFile          Generating Report Error, please check!
2021-11-21 03:31:04 PM GenRPAFile          DB Connection Closed!
2021-11-21 03:31:04 PM GenRPAFile          Sending Email...
2021-11-21 03:31:04 PM GenRPAFile          Sending Email Success!
2021-11-21 03:31:04 PM GenRPAFile          Program End
2021-11-21 03:31:17 PM GenRPAFile          Program Start
2021-11-21 03:31:18 PM GenRPAFile          Reading INI file...
2021-11-21 03:31:18 PM GenRPAFile          DB Connection Open...
2021-11-21 03:31:18 PM GenRPAFile          Start Generating Report...
2021-11-22 09:14:11 AM GenRPAFile          Program Start
2021-11-22 09:14:11 AM GenRPAFile          Reading INI file...
2021-11-22 09:14:12 AM GenRPAFile          DB Connection Open...
2021-11-22 09:14:12 AM GenRPAFile          Start Generating Report...
2021-11-22 09:14:36 AM GenRPAFile          Generating Report Error, please check!
2021-11-22 09:14:36 AM GenRPAFile          DB Connection Closed!
2021-11-22 09:14:36 AM GenRPAFile          Sending Email...
2021-11-22 09:14:36 AM GenRPAFile          Sending Email Success!
2021-11-22 09:14:36 AM GenRPAFile          Program End
2021-11-22 09:17:53 AM GenRPAFile          Program Start
2021-11-22 09:17:53 AM GenRPAFile          Reading INI file...
2021-11-22 09:17:54 AM GenRPAFile          DB Connection Open...
2021-11-22 09:17:54 AM GenRPAFile          Start Generating Report...
2021-11-22 09:21:08 AM GenRPAFile          Program Start
2021-11-22 09:21:08 AM GenRPAFile          Reading INI file...
2021-11-22 09:21:08 AM GenRPAFile          DB Connection Open...
2021-11-22 09:21:08 AM GenRPAFile          Start Generating Report...
2021-11-22 09:22:23 AM GenRPAFile          Program Start
2021-11-22 09:22:23 AM GenRPAFile          Reading INI file...
2021-11-22 09:22:23 AM GenRPAFile          DB Connection Open...
2021-11-22 09:22:23 AM GenRPAFile          Start Generating Report...
2021-11-22 09:24:01 AM GenRPAFile          Program Start
2021-11-22 09:24:01 AM GenRPAFile          Reading INI file...
2021-11-22 09:24:01 AM GenRPAFile          DB Connection Open...
2021-11-22 09:24:01 AM GenRPAFile          Start Generating Report...
2021-11-22 09:24:02 AM GenRPAFile          Generating Report Error, please check!
2021-11-22 09:24:02 AM GenRPAFile          Index was outside the bounds of the array.
2021-11-22 09:24:02 AM GenRPAFile          DB Connection Closed!
2021-11-22 09:24:02 AM GenRPAFile          Sending Email...
2021-11-22 09:24:03 AM GenRPAFile          Sending Email Success!
2021-11-22 09:24:03 AM GenRPAFile          Program End
2021-11-22 09:24:28 AM GenRPAFile          Program Start
2021-11-22 09:24:28 AM GenRPAFile          Reading INI file...
2021-11-22 09:24:28 AM GenRPAFile          DB Connection Open...
2021-11-22 09:24:28 AM GenRPAFile          Start Generating Report...
2021-11-22 09:27:20 AM GenRPAFile          Program Start
2021-11-22 09:27:20 AM GenRPAFile          Reading INI file...
2021-11-22 09:28:47 AM GenRPAFile          DB Connection Open...
2021-11-22 09:28:47 AM GenRPAFile          Start Generating Report...
2021-11-22 09:28:51 AM GenRPAFile          Generating Report Error, please check!
2021-11-22 09:28:51 AM GenRPAFile          Index was outside the bounds of the array.
2021-11-22 09:28:51 AM GenRPAFile          DB Connection Closed!
2021-11-22 09:28:51 AM GenRPAFile          Sending Email...
2021-11-22 09:28:52 AM GenRPAFile          Sending Email Success!
2021-11-22 09:28:52 AM GenRPAFile          Program End
2021-11-22 09:29:13 AM GenRPAFile          Program Start
2021-11-22 09:29:13 AM GenRPAFile          Reading INI file...
2021-11-22 09:29:15 AM GenRPAFile          DB Connection Open...
2021-11-22 09:29:15 AM GenRPAFile          Start Generating Report...
2021-11-22 09:30:55 AM GenRPAFile          Program Start
2021-11-22 09:30:55 AM GenRPAFile          Reading INI file...
2021-11-22 09:30:58 AM GenRPAFile          DB Connection Open...
2021-11-22 09:30:58 AM GenRPAFile          Start Generating Report...
2021-11-22 09:31:14 AM GenRPAFile          Generating Report Completed!
2021-11-22 09:31:14 AM GenRPAFile          DB Connection Closed!
2021-11-22 09:31:14 AM GenRPAFile          Sending Email...
2021-11-22 09:31:14 AM GenRPAFile          Sending Email Success!
2021-11-22 09:31:14 AM GenRPAFile          Program End
2021-11-22 11:54:50 AM GenRPAFile          Program Start
2021-11-22 11:54:50 AM GenRPAFile          Reading INI file...
2021-11-22 11:55:09 AM GenRPAFile          DB Connection Open...
2021-11-22 11:55:09 AM GenRPAFile          Start Generating Report...
2021-11-22 11:55:11 AM GenRPAFile          Generating Report Completed!
2021-11-22 11:55:11 AM GenRPAFile          DB Connection Closed!
2021-11-22 11:55:11 AM GenRPAFile          Sending Email...
2021-11-22 11:55:11 AM GenRPAFile          Sending Email Success!
2021-11-22 11:55:11 AM GenRPAFile          Program End
2021-11-23 10:46:27 AM GenRPAFile          Program Start
2021-11-23 10:46:27 AM GenRPAFile          Reading INI file...
2021-11-23 10:46:28 AM GenRPAFile          DB Connection Open...
2021-11-23 10:46:28 AM GenRPAFile          Start Generating Report...
2021-11-23 02:55:44 PM GenRPAFile          Program Start
2021-11-23 02:55:44 PM GenRPAFile          Reading INI file...
2021-11-23 02:55:44 PM GenRPAFile          DB Connection Open...
2021-11-23 02:55:44 PM GenRPAFile          Start Generating Report...
2021-11-23 02:55:52 PM GenRPAFile          Generating Report Error, please check!
2021-11-23 02:55:52 PM GenRPAFile          ORA-00942: table or view does not exist
2021-11-23 02:55:52 PM GenRPAFile          DB Connection Closed!
2021-11-23 02:55:52 PM GenRPAFile          Sending Email...
2021-11-23 02:55:52 PM GenRPAFile          Sending Email Success!
2021-11-23 02:55:52 PM GenRPAFile          Program End
2021-11-23 02:56:09 PM GenRPAFile          Program Start
2021-11-23 02:56:09 PM GenRPAFile          Reading INI file...
2021-11-23 02:56:10 PM GenRPAFile          DB Connection Open...
2021-11-23 02:56:10 PM GenRPAFile          Start Generating Report...
2021-11-23 02:56:11 PM GenRPAFile          Generating Report Error, please check!
2021-11-23 02:56:11 PM GenRPAFile          ORA-00942: table or view does not exist
2021-11-23 02:56:11 PM GenRPAFile          DB Connection Closed!
2021-11-23 02:56:11 PM GenRPAFile          Sending Email...
2021-11-23 02:56:11 PM GenRPAFile          Sending Email Success!
2021-11-23 02:56:11 PM GenRPAFile          Program End
2021-11-23 02:57:03 PM GenRPAFile          Program Start
2021-11-23 02:57:03 PM GenRPAFile          Reading INI file...
2021-11-23 02:57:10 PM GenRPAFile          DB Connection Open...
2021-11-23 02:57:10 PM GenRPAFile          Start Generating Report...
2021-11-23 02:59:38 PM GenRPAFile          Program Start
2021-11-23 02:59:38 PM GenRPAFile          Reading INI file...
2021-11-23 02:59:38 PM GenRPAFile          DB Connection Open...
2021-11-23 02:59:38 PM GenRPAFile          Start Generating Report...
2021-11-23 03:03:30 PM GenRPAFile          Program Start
2021-11-23 03:03:30 PM GenRPAFile          Reading INI file...
2021-11-23 03:03:30 PM GenRPAFile          DB Connection Open...
2021-11-23 03:03:30 PM GenRPAFile          Start Generating Report...
2021-11-23 03:05:48 PM GenRPAFile          Program Start
2021-11-23 03:05:48 PM GenRPAFile          Reading INI file...
2021-11-23 03:05:49 PM GenRPAFile          DB Connection Open...
2021-11-23 03:05:49 PM GenRPAFile          Start Generating Report...
2021-11-23 08:07:27 PM GenRPAFile          Program Start
2021-11-23 08:07:27 PM GenRPAFile          Reading INI file...
2021-11-23 08:07:28 PM GenRPAFile          DB Connection Open...
2021-11-23 08:07:28 PM GenRPAFile          Start Generating Report...
2021-11-23 08:07:35 PM GenRPAFile          Generating Report Error, please check!
2021-11-23 08:07:35 PM GenRPAFile          ORA-00933: SQL command not properly ended
2021-11-23 08:07:35 PM GenRPAFile          DB Connection Error, Please Check!
2021-11-23 08:07:35 PM GenRPAFile          Sending Email...
2021-11-23 08:07:35 PM GenRPAFile          Sending Email Success!
2021-11-23 08:07:35 PM GenRPAFile          Program End
2021-11-23 08:08:46 PM GenRPAFile          Program Start
2021-11-23 08:08:47 PM GenRPAFile          Reading INI file...
2021-11-23 08:08:47 PM GenRPAFile          DB Connection Open...
2021-11-23 08:08:47 PM GenRPAFile          Start Generating Report...
2021-11-23 08:10:25 PM GenRPAFile          Program Start
2021-11-23 08:10:25 PM GenRPAFile          Reading INI file...
2021-11-23 08:10:26 PM GenRPAFile          DB Connection Open...
2021-11-23 08:10:26 PM GenRPAFile          Start Generating Report...
2021-11-23 08:16:21 PM GenRPAFile          Program Start
2021-11-23 08:16:21 PM GenRPAFile          Reading INI file...
2021-11-23 08:16:21 PM GenRPAFile          DB Connection Open...
2021-11-23 08:16:21 PM GenRPAFile          Start Generating Report...
2021-11-23 08:18:07 PM GenRPAFile          Program Start
2021-11-23 08:18:07 PM GenRPAFile          Reading INI file...
2021-11-23 08:18:07 PM GenRPAFile          DB Connection Open...
2021-11-23 08:18:07 PM GenRPAFile          Start Generating Report...
2021-11-23 08:39:42 PM GenRPAFile          Program Start
2021-11-23 08:39:43 PM GenRPAFile          Reading INI file...
2021-11-23 08:39:43 PM GenRPAFile          DB Connection Open...
2021-11-23 08:39:43 PM GenRPAFile          Start Generating Report...
2021-11-23 09:31:57 PM GenRPAFile          Program Start
2021-11-23 09:31:57 PM GenRPAFile          Reading INI file...
2021-11-23 09:31:57 PM GenRPAFile          DB Connection Open...
2021-11-23 09:31:57 PM GenRPAFile          Start Generating Report...
2021-11-23 09:33:17 PM GenRPAFile          Program Start
2021-11-23 09:33:17 PM GenRPAFile          Reading INI file...
2021-11-23 09:33:17 PM GenRPAFile          DB Connection Open...
2021-11-23 09:33:17 PM GenRPAFile          Start Generating Report...
2021-11-23 09:34:35 PM GenRPAFile          Program Start
2021-11-23 09:34:35 PM GenRPAFile          Reading INI file...
2021-11-23 09:34:35 PM GenRPAFile          DB Connection Open...
2021-11-23 09:34:35 PM GenRPAFile          Start Generating Report...
2021-11-23 09:34:57 PM GenRPAFile          Program Start
2021-11-23 09:34:57 PM GenRPAFile          Reading INI file...
2021-11-23 09:34:57 PM GenRPAFile          DB Connection Open...
2021-11-23 09:34:57 PM GenRPAFile          Start Generating Report...
2021-11-23 09:35:20 PM GenRPAFile          Program Start
2021-11-23 09:35:20 PM GenRPAFile          Reading INI file...
2021-11-23 09:35:20 PM GenRPAFile          DB Connection Open...
2021-11-23 09:35:20 PM GenRPAFile          Start Generating Report...
2021-11-23 09:43:30 PM GenRPAFile          Program Start
2021-11-23 09:43:30 PM GenRPAFile          Reading INI file...
2021-11-23 09:43:31 PM GenRPAFile          DB Connection Open...
2021-11-23 09:43:31 PM GenRPAFile          Start Generating Report...
2021-11-23 09:52:35 PM GenRPAFile          Program Start
2021-11-23 09:52:35 PM GenRPAFile          Reading INI file...
2021-11-23 09:52:35 PM GenRPAFile          DB Connection Open...
2021-11-23 09:52:35 PM GenRPAFile          Start Generating Report...
2021-11-23 10:03:56 PM GenRPAFile          Program Start
2021-11-23 10:03:57 PM GenRPAFile          Reading INI file...
2021-11-23 10:03:57 PM GenRPAFile          DB Connection Open...
2021-11-23 10:03:57 PM GenRPAFile          Start Generating Report...
2021-11-24 06:43:43 PM GenRPAFile          Program Start
2021-11-24 06:43:43 PM GenRPAFile          Reading INI file...
2021-11-24 06:43:43 PM GenRPAFile          DB Connection Open...
2021-11-24 06:43:43 PM GenRPAFile          Start Generating Report...
2021-11-24 06:46:41 PM GenRPAFile          Program Start
2021-11-24 06:46:42 PM GenRPAFile          Reading INI file...
2021-11-24 06:46:42 PM GenRPAFile          DB Connection Open...
2021-11-24 06:46:42 PM GenRPAFile          Start Generating Report...
2021-11-24 06:48:01 PM GenRPAFile          Program Start
2021-11-24 06:48:01 PM GenRPAFile          Reading INI file...
2021-11-24 06:48:01 PM GenRPAFile          DB Connection Open...
2021-11-24 06:48:01 PM GenRPAFile          Start Generating Report...
2021-11-24 06:51:01 PM GenRPAFile          Generating Report Completed!
2021-11-24 06:51:01 PM GenRPAFile          DB Connection Closed!
2021-11-24 06:51:01 PM GenRPAFile          Sending Email...
2021-11-24 06:51:02 PM GenRPAFile          Sending Email Success!
2021-11-24 06:51:02 PM GenRPAFile          Program End
2021-11-24 07:01:21 PM GenRPAFile          Program Start
2021-11-24 07:01:21 PM GenRPAFile          Reading INI file...
2021-11-24 07:01:21 PM GenRPAFile          DB Connection Open...
2021-11-24 07:01:21 PM GenRPAFile          Start Generating Report...
2021-11-24 07:01:24 PM GenRPAFile          Generating Report Error, please check!
2021-11-24 07:01:24 PM GenRPAFile          ORA-00942: table or view does not exist
ORA-00942: table or view does not exist
2021-11-24 07:01:24 PM GenRPAFile          DB Connection Closed!
2021-11-24 07:01:24 PM GenRPAFile          Sending Email...
2021-11-24 07:01:24 PM GenRPAFile          Sending Email Success!
2021-11-24 07:01:24 PM GenRPAFile          Program End
2021-11-24 07:02:46 PM GenRPAFile          Program Start
2021-11-24 07:02:46 PM GenRPAFile          Reading INI file...
2021-11-24 07:02:46 PM GenRPAFile          DB Connection Open...
2021-11-24 07:02:46 PM GenRPAFile          Start Generating Report...
2021-11-24 07:03:23 PM GenRPAFile          Generating Report Error, please check!
2021-11-24 07:03:23 PM GenRPAFile          String was not recognized as a valid DateTime.
2021-11-24 07:03:23 PM GenRPAFile          DB Connection Closed!
2021-11-24 07:03:23 PM GenRPAFile          Sending Email...
2021-11-24 07:03:23 PM GenRPAFile          Sending Email Success!
2021-11-24 07:03:23 PM GenRPAFile          Program End
2021-11-24 07:04:39 PM GenRPAFile          Program Start
2021-11-24 07:04:39 PM GenRPAFile          Reading INI file...
2021-11-24 07:04:39 PM GenRPAFile          DB Connection Open...
2021-11-24 07:04:39 PM GenRPAFile          Start Generating Report...
2021-11-24 07:09:53 PM GenRPAFile          Program Start
2021-11-24 07:09:53 PM GenRPAFile          Reading INI file...
2021-11-24 07:09:53 PM GenRPAFile          DB Connection Open...
2021-11-24 07:09:53 PM GenRPAFile          Start Generating Report...
2021-11-24 07:10:04 PM GenRPAFile          Generating Report Completed!
2021-11-24 07:10:04 PM GenRPAFile          DB Connection Closed!
2021-11-24 07:10:04 PM GenRPAFile          Sending Email...
2021-11-24 07:10:05 PM GenRPAFile          Sending Email Success!
2021-11-24 07:10:05 PM GenRPAFile          Program End
2021-11-24 07:13:02 PM GenRPAFile          Program Start
2021-11-24 07:13:02 PM GenRPAFile          Reading INI file...
2021-11-24 07:13:02 PM GenRPAFile          DB Connection Open...
2021-11-24 07:13:02 PM GenRPAFile          Start Generating Report...
2021-11-24 07:13:05 PM GenRPAFile          Generating Report Completed!
2021-11-24 07:13:05 PM GenRPAFile          DB Connection Closed!
2021-11-24 07:13:06 PM GenRPAFile          Sending Email...
2021-11-24 07:13:06 PM GenRPAFile          Sending Email Success!
2021-11-24 07:13:06 PM GenRPAFile          Program End
2021-11-29 02:07:27 PM GenRPAFile          SetGlobalVariable error, please check!
2021-11-29 02:07:53 PM GenRPAFile          SetGlobalVariable error, please check!
2021-11-29 02:13:47 PM GenRPAFile          Program Start
2021-11-29 02:13:51 PM GenRPAFile          Reading INI file...
2021-11-30 09:49:58 AM GenRPAFile          Program Start
2021-11-30 09:49:58 AM GenRPAFile          Reading INI file...
2021-12-05 06:16:07 PM GenRPAFile          Program Start
2021-12-05 06:16:07 PM GenRPAFile          Reading INI file...
2021-12-05 06:16:07 PM GenRPAFile          DB Connection Open...
2021-12-05 06:16:07 PM GenRPAFile          Start Generating Report...
2021-12-05 06:16:15 PM GenRPAFile          Generating Report Error, please check!
2021-12-05 06:16:15 PM GenRPAFile          ORA-00942: table or view does not exist
ORA-00942: table or view does not exist
2021-12-05 06:16:15 PM GenRPAFile          DB Connection Closed!
2021-12-05 06:16:15 PM GenRPAFile          Sending Email...
2021-12-05 06:16:15 PM GenRPAFile          Sending Email Success!
2021-12-05 06:16:15 PM GenRPAFile          Program End
2021-12-05 06:17:39 PM GenRPAFile          Program Start
2021-12-05 06:17:43 PM GenRPAFile          Reading INI file...
2021-12-05 06:20:23 PM GenRPAFile          DB Connection Open...
2021-12-05 06:20:26 PM GenRPAFile          Start Generating Report...
2021-12-05 06:21:04 PM GenRPAFile          Program Start
2021-12-05 06:21:10 PM GenRPAFile          Reading INI file...
2021-12-05 06:21:11 PM GenRPAFile          DB Connection Open...
2021-12-05 06:21:11 PM GenRPAFile          Start Generating Report...
2021-12-05 06:21:11 PM GenRPAFile          Generating Report Error, please check!
2021-12-05 06:21:11 PM GenRPAFile          ORA-00942: table or view does not exist
ORA-00942: table or view does not exist
2021-12-05 06:21:11 PM GenRPAFile          DB Connection Closed!
2021-12-05 06:21:11 PM GenRPAFile          Sending Email...
2021-12-05 06:21:11 PM GenRPAFile          Sending Email Success!
2021-12-05 06:21:11 PM GenRPAFile          Program End
2021-12-05 06:21:26 PM GenRPAFile          Program Start
2021-12-05 06:21:26 PM GenRPAFile          Reading INI file...
2021-12-05 06:21:26 PM GenRPAFile          DB Connection Open...
2021-12-05 06:21:26 PM GenRPAFile          Start Generating Report...
2021-12-05 06:23:05 PM GenRPAFile          Program Start
2021-12-05 06:23:05 PM GenRPAFile          Reading INI file...
2021-12-05 06:23:05 PM GenRPAFile          DB Connection Open...
2021-12-05 06:23:05 PM GenRPAFile          Start Generating Report...
2021-12-05 06:25:02 PM GenRPAFile          Program Start
2021-12-05 06:25:02 PM GenRPAFile          Reading INI file...
2021-12-05 06:25:02 PM GenRPAFile          DB Connection Open...
2021-12-05 06:25:02 PM GenRPAFile          Start Generating Report...
2021-12-05 06:34:58 PM GenRPAFile          Program Start
2021-12-05 06:34:58 PM GenRPAFile          Reading INI file...
2021-12-05 06:34:58 PM GenRPAFile          DB Connection Open...
2021-12-05 06:34:58 PM GenRPAFile          Start Generating Report...
2021-12-05 06:36:50 PM GenRPAFile          Program Start
2021-12-05 06:36:50 PM GenRPAFile          Reading INI file...
2021-12-05 06:36:50 PM GenRPAFile          DB Connection Open...
2021-12-05 06:36:50 PM GenRPAFile          Start Generating Report...
2021-12-05 06:37:03 PM GenRPAFile          Generating Report Error, please check!
2021-12-05 06:37:03 PM GenRPAFile          ORA-06550: line 1, column 7:
PLS-00201: identifier 'SP_GEN_ARR_RPA' must be declared
ORA-06550: line 1, column 7:
PL/SQL: Statement ignored
2021-12-05 06:37:03 PM GenRPAFile          DB Connection Closed!
2021-12-05 06:37:03 PM GenRPAFile          Sending Email...
2021-12-05 06:37:03 PM GenRPAFile          Sending Email Success!
2021-12-05 06:37:03 PM GenRPAFile          Program End
2021-12-05 06:39:08 PM GenRPAFile          Program Start
2021-12-05 06:39:08 PM GenRPAFile          Reading INI file...
2021-12-05 06:39:08 PM GenRPAFile          DB Connection Open...
2021-12-05 06:39:08 PM GenRPAFile          Start Generating Report...
2021-12-05 06:43:56 PM GenRPAFile          Program Start
2021-12-05 06:43:56 PM GenRPAFile          Reading INI file...
2021-12-05 06:43:56 PM GenRPAFile          DB Connection Open...
2021-12-05 06:43:56 PM GenRPAFile          Start Generating Report...
2021-12-05 06:45:04 PM GenRPAFile          Generating Report Error, please check!
2021-12-05 06:58:16 PM GenRPAFile          Program Start
2021-12-05 06:58:16 PM GenRPAFile          Reading INI file...
2021-12-05 06:58:16 PM GenRPAFile          DB Connection Open...
2021-12-05 06:58:16 PM GenRPAFile          Start Generating Report...
2021-12-05 07:10:43 PM GenRPAFile          Program Start
2021-12-05 07:10:43 PM GenRPAFile          Reading INI file...
2021-12-05 07:10:43 PM GenRPAFile          DB Connection Open...
2021-12-05 07:10:43 PM GenRPAFile          Start Generating Report...
2021-12-05 07:30:11 PM GenRPAFile          Program Start
2021-12-05 07:30:11 PM GenRPAFile          Reading INI file...
2021-12-05 07:30:11 PM GenRPAFile          DB Connection Open...
2021-12-05 07:30:11 PM GenRPAFile          Start Generating Report...
2021-12-05 07:31:08 PM GenRPAFile          Program Start
2021-12-05 07:31:08 PM GenRPAFile          Reading INI file...
2021-12-05 07:31:08 PM GenRPAFile          DB Connection Open...
2021-12-05 07:31:08 PM GenRPAFile          Start Generating Report...
2021-12-05 07:36:01 PM GenRPAFile          Program Start
2021-12-05 07:36:01 PM GenRPAFile          Reading INI file...
2021-12-05 07:36:01 PM GenRPAFile          DB Connection Open...
2021-12-05 07:36:01 PM GenRPAFile          Start Generating Report...
2021-12-05 07:40:13 PM GenRPAFile          Program Start
2021-12-05 07:40:13 PM GenRPAFile          Reading INI file...
2021-12-05 07:40:13 PM GenRPAFile          DB Connection Open...
2021-12-05 07:40:13 PM GenRPAFile          Start Generating Report...
2021-12-05 07:40:52 PM GenRPAFile          Program Start
2021-12-05 07:40:52 PM GenRPAFile          Reading INI file...
2021-12-05 07:40:52 PM GenRPAFile          DB Connection Open...
2021-12-05 07:40:53 PM GenRPAFile          Start Generating Report...
2021-12-05 07:43:11 PM GenRPAFile          Program Start
2021-12-05 07:43:11 PM GenRPAFile          Reading INI file...
2021-12-05 07:43:11 PM GenRPAFile          DB Connection Open...
2021-12-05 07:43:11 PM GenRPAFile          Start Generating Report...
2021-12-05 07:43:39 PM GenRPAFile          Program Start
2021-12-05 07:43:39 PM GenRPAFile          Reading INI file...
2021-12-05 07:43:40 PM GenRPAFile          DB Connection Open...
2021-12-05 07:43:40 PM GenRPAFile          Start Generating Report...
2021-12-05 07:44:58 PM GenRPAFile          Program Start
2021-12-05 07:44:58 PM GenRPAFile          Reading INI file...
2021-12-05 07:44:58 PM GenRPAFile          DB Connection Open...
2021-12-05 07:44:58 PM GenRPAFile          Start Generating Report...
2021-12-05 07:45:39 PM GenRPAFile          Program Start
2021-12-05 07:45:39 PM GenRPAFile          Reading INI file...
2021-12-05 07:45:39 PM GenRPAFile          DB Connection Open...
2021-12-05 07:45:39 PM GenRPAFile          Start Generating Report...
2021-12-05 07:53:49 PM GenRPAFile          Program Start
2021-12-05 07:53:49 PM GenRPAFile          Reading INI file...
2021-12-05 07:53:50 PM GenRPAFile          DB Connection Open...
2021-12-05 07:53:50 PM GenRPAFile          Start Generating Report...
2021-12-05 08:10:27 PM GenRPAFile          Program Start
2021-12-05 08:10:27 PM GenRPAFile          Reading INI file...
2021-12-05 08:10:28 PM GenRPAFile          DB Connection Open...
2021-12-05 08:10:28 PM GenRPAFile          Start Generating Report...
2021-12-05 08:13:26 PM GenRPAFile          Program Start
2021-12-05 08:13:26 PM GenRPAFile          Reading INI file...
2021-12-05 08:13:26 PM GenRPAFile          DB Connection Open...
2021-12-05 08:13:26 PM GenRPAFile          Start Generating Report...
2021-12-05 08:14:10 PM GenRPAFile          Program Start
2021-12-05 08:14:10 PM GenRPAFile          Reading INI file...
2021-12-05 08:14:10 PM GenRPAFile          DB Connection Open...
2021-12-05 08:14:11 PM GenRPAFile          Start Generating Report...
2021-12-05 08:14:58 PM GenRPAFile          Program Start
2021-12-05 08:14:58 PM GenRPAFile          Reading INI file...
2021-12-05 08:14:58 PM GenRPAFile          DB Connection Open...
2021-12-05 08:14:58 PM GenRPAFile          Start Generating Report...
2021-12-05 08:16:16 PM GenRPAFile          Program Start
2021-12-05 08:16:16 PM GenRPAFile          Reading INI file...
2021-12-05 08:16:16 PM GenRPAFile          DB Connection Open...
2021-12-05 08:16:16 PM GenRPAFile          Start Generating Report...
2021-12-05 08:23:14 PM GenRPAFile          Program Start
2021-12-05 08:23:14 PM GenRPAFile          Reading INI file...
2021-12-05 08:23:14 PM GenRPAFile          DB Connection Open...
2021-12-05 08:23:14 PM GenRPAFile          Start Generating Report...
2021-12-07 11:46:25 AM GenRPAFile          Program Start
2021-12-07 11:46:25 AM GenRPAFile          Reading INI file...
2021-12-07 11:46:25 AM GenRPAFile          DB Connection Open...
2021-12-07 11:46:25 AM GenRPAFile          Start Generating Report...
2021-12-07 12:51:15 PM GenRPAFile          Program Start
2021-12-07 12:51:15 PM GenRPAFile          Reading INI file...
2021-12-07 12:51:15 PM GenRPAFile          DB Connection Open...
2021-12-07 12:51:15 PM GenRPAFile          Start Generating Report...
2021-12-07 12:52:09 PM GenRPAFile          Program Start
2021-12-07 12:52:10 PM GenRPAFile          Reading INI file...
2021-12-07 12:52:10 PM GenRPAFile          DB Connection Open...
2021-12-07 12:52:10 PM GenRPAFile          Start Generating Report...
2021-12-07 02:11:48 PM GenRPAFile          Program Start
2021-12-07 02:11:48 PM GenRPAFile          Reading INI file...
2021-12-07 02:11:48 PM GenRPAFile          DB Connection Open...
2021-12-07 02:11:48 PM GenRPAFile          Start Generating Report...
2021-12-07 02:12:42 PM GenRPAFile          Program Start
2021-12-07 02:12:42 PM GenRPAFile          Reading INI file...
2021-12-07 02:12:43 PM GenRPAFile          DB Connection Open...
2021-12-07 02:12:43 PM GenRPAFile          Start Generating Report...
2021-12-07 02:31:55 PM GenRPAFile          Program Start
2021-12-07 02:31:56 PM GenRPAFile          Reading INI file...
2021-12-07 02:31:56 PM GenRPAFile          DB Connection Open...
2021-12-07 02:31:56 PM GenRPAFile          Start Generating Report...
2021-12-07 02:32:35 PM GenRPAFile          Program Start
2021-12-07 02:32:35 PM GenRPAFile          Reading INI file...
2021-12-07 02:32:36 PM GenRPAFile          DB Connection Open...
2021-12-07 02:32:36 PM GenRPAFile          Start Generating Report...
2021-12-07 02:32:46 PM GenRPAFile          Program Start
2021-12-07 02:32:46 PM GenRPAFile          Reading INI file...
2021-12-07 02:32:46 PM GenRPAFile          DB Connection Open...
2021-12-07 02:32:46 PM GenRPAFile          Start Generating Report...
2021-12-09 07:10:25 PM GenRPAFile          Program Start
2021-12-09 07:10:25 PM GenRPAFile          Reading INI file...
2021-12-09 07:10:25 PM GenRPAFile          DB Connection Open...
2021-12-09 07:10:25 PM GenRPAFile          Start Generating Report...
2021-12-09 07:17:15 PM GenRPAFile          Program Start
2021-12-09 07:17:15 PM GenRPAFile          Reading INI file...
2021-12-09 07:17:15 PM GenRPAFile          DB Connection Open...
2021-12-09 07:17:15 PM GenRPAFile          Start Generating Report...
2021-12-09 07:22:54 PM GenRPAFile          Program Start
2021-12-09 07:22:54 PM GenRPAFile          Reading INI file...
2021-12-09 07:22:54 PM GenRPAFile          DB Connection Open...
2021-12-09 07:22:54 PM GenRPAFile          Start Generating Report...
2021-12-09 07:24:19 PM GenRPAFile          Program Start
2021-12-09 07:24:19 PM GenRPAFile          Reading INI file...
2021-12-09 07:24:19 PM GenRPAFile          DB Connection Open...
2021-12-09 07:24:19 PM GenRPAFile          Start Generating Report...
2021-12-09 07:26:18 PM GenRPAFile          Generating Report Error, please check!
2021-12-09 07:26:18 PM GenRPAFile          ORA-06550: line 1, column 7:
PLS-00201: identifier 'SP_GEN_ARR_RPA' must be declared
ORA-06550: line 1, column 7:
PL/SQL: Statement ignored
2021-12-09 07:26:18 PM GenRPAFile          DB Connection Closed!
2021-12-09 07:26:18 PM GenRPAFile          Sending Email...
2021-12-09 07:26:18 PM GenRPAFile          Sending Email Success!
2021-12-09 07:26:18 PM GenRPAFile          Program End
2021-12-09 07:26:35 PM GenRPAFile          Program Start
2021-12-09 07:26:35 PM GenRPAFile          Reading INI file...
2021-12-09 07:26:35 PM GenRPAFile          DB Connection Open...
2021-12-09 07:26:35 PM GenRPAFile          Start Generating Report...
2021-12-09 07:30:35 PM GenRPAFile          Program Start
2021-12-09 07:30:35 PM GenRPAFile          Reading INI file...
2021-12-09 07:30:35 PM GenRPAFile          DB Connection Open...
2021-12-09 07:30:35 PM GenRPAFile          Start Generating Report...
2021-12-09 07:40:15 PM GenRPAFile          Program Start
2021-12-09 07:40:15 PM GenRPAFile          Reading INI file...
2021-12-09 07:40:15 PM GenRPAFile          DB Connection Open...
2021-12-09 07:40:15 PM GenRPAFile          Start Generating Report...
2021-12-09 07:51:44 PM GenRPAFile          Program Start
2021-12-09 07:51:44 PM GenRPAFile          Reading INI file...
2021-12-09 07:51:45 PM GenRPAFile          DB Connection Open...
2021-12-09 07:51:45 PM GenRPAFile          Start Generating Report...
2021-12-09 07:52:41 PM GenRPAFile          Program Start
2021-12-09 07:52:41 PM GenRPAFile          Reading INI file...
2021-12-09 07:52:41 PM GenRPAFile          DB Connection Open...
2021-12-09 07:52:41 PM GenRPAFile          Start Generating Report...
2021-12-10 11:14:15 PM GenRPAFile          Program Start
2021-12-10 11:14:15 PM GenRPAFile          Reading INI file...
2021-12-10 11:14:15 PM GenRPAFile          DB Connection Open...
2021-12-10 11:14:15 PM GenRPAFile          Start Generating Report...
2021-12-12 03:19:54 PM GenRPAFile          Program Start
2021-12-12 03:19:54 PM GenRPAFile          Reading INI file...
2021-12-12 03:19:55 PM GenRPAFile          DB Connection Open...
2021-12-12 03:19:55 PM GenRPAFile          Start Generating Report...
2021-12-12 04:17:38 PM GenRPAFile          Program Start
2021-12-12 04:17:38 PM GenRPAFile          Reading INI file...
2021-12-12 04:17:38 PM GenRPAFile          DB Connection Open...
2021-12-12 04:17:38 PM GenRPAFile          Start Generating Report...
2021-12-13 06:17:22 PM GenRPAFile          Program Start
2021-12-13 06:17:22 PM GenRPAFile          Reading INI file...
2021-12-13 06:17:23 PM GenRPAFile          DB Connection Open...
2021-12-13 06:17:23 PM GenRPAFile          Start Generating Report...
2021-12-13 06:18:23 PM GenRPAFile          Program Start
2021-12-13 06:18:23 PM GenRPAFile          Reading INI file...
2021-12-13 06:18:23 PM GenRPAFile          DB Connection Open...
2021-12-13 06:18:23 PM GenRPAFile          Start Generating Report...
2021-12-13 06:19:35 PM GenRPAFile          Program Start
2021-12-13 06:19:35 PM GenRPAFile          Reading INI file...
2021-12-13 06:19:35 PM GenRPAFile          DB Connection Open...
2021-12-13 06:19:35 PM GenRPAFile          Start Generating Report...
2021-12-14 09:26:11 AM GenRPAFile          Program Start
2021-12-14 09:26:11 AM GenRPAFile          Reading INI file...
2021-12-14 09:26:11 AM GenRPAFile          DB Connection Open...
2021-12-14 09:26:11 AM GenRPAFile          Start Generating Report...
2021-12-14 09:28:25 AM GenRPAFile          Program Start
2021-12-14 09:28:26 AM GenRPAFile          Reading INI file...
2021-12-14 09:28:26 AM GenRPAFile          DB Connection Open...
2021-12-14 09:28:26 AM GenRPAFile          Start Generating Report...
2021-12-14 09:30:18 AM GenRPAFile          Program Start
2021-12-14 09:30:18 AM GenRPAFile          Reading INI file...
2021-12-14 09:30:18 AM GenRPAFile          DB Connection Open...
2021-12-14 09:30:18 AM GenRPAFile          Start Generating Report...
2021-12-14 09:37:38 AM GenRPAFile          Program Start
2021-12-14 09:37:38 AM GenRPAFile          Reading INI file...
2021-12-14 09:37:38 AM GenRPAFile          DB Connection Open...
2021-12-14 09:37:38 AM GenRPAFile          Start Generating Report...
2021-12-14 09:58:49 AM GenRPAFile          Program Start
2021-12-14 09:58:49 AM GenRPAFile          Reading INI file...
2021-12-14 09:58:49 AM GenRPAFile          DB Connection Open...
2021-12-14 09:58:49 AM GenRPAFile          Start Generating Report...
2021-12-14 10:51:20 AM GenRPAFile          Program Start
2021-12-14 10:51:20 AM GenRPAFile          Reading INI file...
2021-12-14 10:51:20 AM GenRPAFile          DB Connection Open...
2021-12-14 10:51:20 AM GenRPAFile          Start Generating Report...
2021-12-14 10:51:42 AM GenRPAFile          Program Start
2021-12-14 10:51:42 AM GenRPAFile          Reading INI file...
2021-12-14 10:51:42 AM GenRPAFile          DB Connection Open...
2021-12-14 10:51:42 AM GenRPAFile          Start Generating Report...
2021-12-20 11:57:35 AM GenRPAFile          Program Start
2021-12-20 11:57:35 AM GenRPAFile          Reading INI file...
2021-12-20 11:57:35 AM GenRPAFile          DB Connection Open...
2021-12-20 11:57:35 AM GenRPAFile          Start Generating Report...
2021-12-20 11:58:03 AM GenRPAFile          Generating Report Completed!
2021-12-20 11:58:03 AM GenRPAFile          DB Connection Closed!
2021-12-20 11:58:03 AM GenRPAFile          Sending Email...
2021-12-20 11:58:03 AM GenRPAFile          Sending Email Success!
2021-12-20 11:58:03 AM GenRPAFile          Program End
2021-12-20 12:11:32 PM GenRPAFile          Program Start
2021-12-20 12:11:32 PM GenRPAFile          Reading INI file...
2021-12-20 12:11:33 PM GenRPAFile          DB Connection Open...
2021-12-20 12:11:33 PM GenRPAFile          Start Generating Report...
2021-12-20 12:17:46 PM GenRPAFile          Program Start
2021-12-20 12:17:46 PM GenRPAFile          Reading INI file...
2021-12-20 12:17:46 PM GenRPAFile          DB Connection Open...
2021-12-20 12:17:47 PM GenRPAFile          Start Generating Report...
2021-12-20 12:20:21 PM GenRPAFile          Program Start
2021-12-20 12:20:21 PM GenRPAFile          Reading INI file...
2021-12-20 12:20:21 PM GenRPAFile          DB Connection Open...
2021-12-20 12:20:21 PM GenRPAFile          Start Generating Report...
2021-12-20 12:26:38 PM GenRPAFile          Program Start
2021-12-20 12:26:38 PM GenRPAFile          Reading INI file...
2021-12-20 12:26:38 PM GenRPAFile          DB Connection Open...
2021-12-20 12:26:38 PM GenRPAFile          Start Generating Report...
2021-12-20 02:24:31 PM GenRPAFile          Program Start
2021-12-20 02:24:31 PM GenRPAFile          Reading INI file...
2021-12-20 02:24:32 PM GenRPAFile          DB Connection Open...
2021-12-20 02:24:32 PM GenRPAFile          Start Generating Report...
2021-12-20 02:36:40 PM GenRPAFile          Program Start
2021-12-20 02:36:40 PM GenRPAFile          Reading INI file...
2021-12-20 02:36:40 PM GenRPAFile          DB Connection Open...
2021-12-20 02:36:40 PM GenRPAFile          Start Generating Report...
2021-12-20 02:37:56 PM GenRPAFile          Program Start
2021-12-20 02:37:56 PM GenRPAFile          Reading INI file...
2021-12-20 02:37:56 PM GenRPAFile          DB Connection Open...
2021-12-20 02:37:56 PM GenRPAFile          Start Generating Report...
2021-12-20 02:43:08 PM GenRPAFile          Program Start
2021-12-20 02:43:08 PM GenRPAFile          Reading INI file...
2021-12-20 02:43:09 PM GenRPAFile          DB Connection Open...
2021-12-20 02:43:09 PM GenRPAFile          Start Generating Report...
2021-12-20 02:43:11 PM GenRPAFile          ORA-01861: literal does not match format string
ORA-06512: at "TRADEIN1.F_GET_ARR_RATE", line 99
ORA-06512: at "TRADEIN1.SP_GEN_ARR_RPA", line 10
ORA-06512: at line 1
2021-12-20 02:45:43 PM GenRPAFile          Program Start
2021-12-20 02:45:43 PM GenRPAFile          Reading INI file...
2021-12-20 02:45:43 PM GenRPAFile          DB Connection Open...
2021-12-20 02:45:43 PM GenRPAFile          Start Generating Report...
2021-12-20 02:55:10 PM GenRPAFile          Program Start
2021-12-20 02:55:10 PM GenRPAFile          Reading INI file...
2021-12-20 02:55:10 PM GenRPAFile          DB Connection Open...
2021-12-20 02:55:10 PM GenRPAFile          Start Generating Report...
2021-12-20 02:55:25 PM GenRPAFile          ORA-01861: literal does not match format string
ORA-06512: at "TRADEIN1.F_GET_ARR_RATE", line 99
ORA-06512: at "TRADEIN1.SP_GEN_ARR_RPA", line 10
ORA-06512: at line 1
2021-12-20 02:56:00 PM GenRPAFile          Program Start
2021-12-20 02:56:00 PM GenRPAFile          Reading INI file...
2021-12-20 02:56:01 PM GenRPAFile          DB Connection Open...
2021-12-20 02:56:01 PM GenRPAFile          Start Generating Report...
2021-12-20 06:28:37 PM GenRPAFile          Program Start
2021-12-20 06:28:37 PM GenRPAFile          Reading INI file...
2021-12-20 06:28:37 PM GenRPAFile          DB Connection Open...
2021-12-20 06:28:37 PM GenRPAFile          Start Generating Report...
2021-12-20 06:34:49 PM GenRPAFile          Program Start
2021-12-20 06:34:49 PM GenRPAFile          Reading INI file...
2021-12-20 06:34:49 PM GenRPAFile          DB Connection Open...
2021-12-20 06:34:49 PM GenRPAFile          Start Generating Report...
2021-12-20 06:40:58 PM GenRPAFile          Program Start
2021-12-20 06:40:58 PM GenRPAFile          Reading INI file...
2021-12-20 06:40:59 PM GenRPAFile          DB Connection Open...
2021-12-20 06:40:59 PM GenRPAFile          Start Generating Report...
2021-12-20 08:29:12 PM GenRPAFile          Program Start
2021-12-20 08:29:12 PM GenRPAFile          Reading INI file...
2021-12-20 08:29:13 PM GenRPAFile          DB Connection Open...
2021-12-20 08:29:13 PM GenRPAFile          Start Generating Report...
2021-12-20 08:46:38 PM GenRPAFile          Program Start
2021-12-20 08:46:38 PM GenRPAFile          Reading INI file...
2021-12-20 08:46:38 PM GenRPAFile          DB Connection Open...
2021-12-20 08:46:38 PM GenRPAFile          Start Generating Report...
2021-12-21 09:14:52 AM GenRPAFile          Program Start
2021-12-21 09:14:52 AM GenRPAFile          Reading INI file...
2021-12-21 09:14:52 AM GenRPAFile          DB Connection Open...
2021-12-21 09:14:52 AM GenRPAFile          Start Generating Report...
2021-12-21 09:17:44 AM GenRPAFile          Program Start
2021-12-21 09:17:44 AM GenRPAFile          Reading INI file...
2021-12-21 09:17:45 AM GenRPAFile          DB Connection Open...
2021-12-21 09:17:45 AM GenRPAFile          Start Generating Report...
2021-12-21 09:20:15 AM GenRPAFile          Program Start
2021-12-21 09:20:15 AM GenRPAFile          Reading INI file...
2021-12-21 09:20:15 AM GenRPAFile          DB Connection Open...
2021-12-21 09:20:15 AM GenRPAFile          Start Generating Report...
2021-12-21 09:26:22 AM GenRPAFile          Program Start
2021-12-21 09:26:22 AM GenRPAFile          Reading INI file...
2021-12-21 09:26:23 AM GenRPAFile          DB Connection Open...
2021-12-21 09:26:23 AM GenRPAFile          Start Generating Report...
2021-12-21 03:13:20 PM GenRPAFile          Program Start
2021-12-21 03:13:20 PM GenRPAFile          Reading INI file...
2021-12-21 03:13:20 PM GenRPAFile          DB Connection Open...
2021-12-21 03:13:20 PM GenRPAFile          Start Generating Report...
2021-12-21 03:15:15 PM GenRPAFile          Program Start
2021-12-21 03:15:15 PM GenRPAFile          Reading INI file...
2021-12-21 03:15:15 PM GenRPAFile          DB Connection Open...
2021-12-21 03:15:15 PM GenRPAFile          Start Generating Report...
2021-12-24 02:32:13 PM GenRPAFile          Program Start
2021-12-24 02:32:13 PM GenRPAFile          Reading INI file...
2021-12-24 02:32:13 PM GenRPAFile          DB Connection Open...
2021-12-24 02:32:13 PM GenRPAFile          Start Generating Report...
2021-12-24 02:32:28 PM GenRPAFile          Generating Report Error, please check!
2021-12-24 02:32:28 PM GenRPAFile          ORA-00936: missing expression
ORA-00936: missing expression
2021-12-24 02:32:28 PM GenRPAFile          DB Connection Closed!
2021-12-24 02:32:28 PM GenRPAFile          Sending Email...
2021-12-24 02:32:29 PM GenRPAFile          Sending Email Success!
2021-12-24 02:32:29 PM GenRPAFile          Program End
2021-12-24 02:33:04 PM GenRPAFile          Program Start
2021-12-24 02:33:04 PM GenRPAFile          Reading INI file...
2021-12-24 02:33:05 PM GenRPAFile          DB Connection Open...
2021-12-24 02:33:05 PM GenRPAFile          Start Generating Report...
2021-12-24 02:34:07 PM GenRPAFile          Generating Report Error, please check!
2021-12-24 02:34:07 PM GenRPAFile          Index was outside the bounds of the array.
2021-12-24 02:34:07 PM GenRPAFile          DB Connection Closed!
2021-12-24 02:34:07 PM GenRPAFile          Sending Email...
2021-12-24 02:34:07 PM GenRPAFile          Sending Email Success!
2021-12-24 02:34:07 PM GenRPAFile          Program End
2021-12-24 02:35:53 PM GenRPAFile          Program Start
2021-12-24 02:35:53 PM GenRPAFile          Reading INI file...
2021-12-24 02:35:53 PM GenRPAFile          DB Connection Open...
2021-12-24 02:35:53 PM GenRPAFile          Start Generating Report...
2021-12-24 02:40:37 PM GenRPAFile          Generating Report Completed!
2021-12-24 02:40:41 PM GenRPAFile          DB Connection Closed!
2021-12-24 02:40:48 PM GenRPAFile          Sending Email...
2021-12-24 02:41:03 PM GenRPAFile          Sending Email Success!
2021-12-24 02:41:06 PM GenRPAFile          Program End
2021-12-27 05:06:33 PM GenRPAFile          Program Start
2021-12-27 05:06:33 PM GenRPAFile          Reading INI file...
2021-12-27 05:06:33 PM GenRPAFile          DB Connection Open...
2021-12-27 05:06:33 PM GenRPAFile          Start Generating Report...
2021-12-27 05:06:57 PM GenRPAFile          Generating Report Completed!
2021-12-27 05:06:57 PM GenRPAFile          DB Connection Closed!
2021-12-27 05:06:57 PM GenRPAFile          Sending Email...
2021-12-27 05:06:58 PM GenRPAFile          Sending Email Success!
2021-12-27 05:06:58 PM GenRPAFile          Program End
2021-12-27 06:15:33 PM GenRPAFile          Program Start
2021-12-27 06:15:33 PM GenRPAFile          Reading INI file...
2021-12-27 06:15:34 PM GenRPAFile          DB Connection Open...
2021-12-27 06:15:34 PM GenRPAFile          Start Generating Report...
2021-12-27 06:15:47 PM GenRPAFile          Generating Report Completed!
2021-12-27 06:15:47 PM GenRPAFile          DB Connection Closed!
2021-12-27 06:15:47 PM GenRPAFile          Sending Email...
2021-12-27 06:15:47 PM GenRPAFile          Sending Email Success!
2021-12-27 06:15:47 PM GenRPAFile          Program End
2021-12-27 06:18:14 PM GenRPAFile          Program Start
2021-12-27 06:18:14 PM GenRPAFile          Reading INI file...
2021-12-27 06:18:14 PM GenRPAFile          DB Connection Open...
2021-12-27 06:18:14 PM GenRPAFile          Start Generating Report...
2021-12-27 06:18:39 PM GenRPAFile          Generating Report Completed!
2021-12-27 06:18:39 PM GenRPAFile          DB Connection Closed!
2021-12-27 06:18:39 PM GenRPAFile          Sending Email...
2021-12-27 06:18:40 PM GenRPAFile          Sending Email Success!
2021-12-27 06:18:40 PM GenRPAFile          Program End
2021-12-27 06:19:46 PM GenRPAFile          Program Start
2021-12-27 06:19:46 PM GenRPAFile          Reading INI file...
2021-12-27 06:19:46 PM GenRPAFile          DB Connection Open...
2021-12-27 06:19:46 PM GenRPAFile          Start Generating Report...
2021-12-27 06:19:55 PM GenRPAFile          Generating Report Error, please check!
2021-12-27 06:19:55 PM GenRPAFile          Conversion from type 'DBNull' to type 'String' is not valid.
2021-12-27 06:19:55 PM GenRPAFile          DB Connection Closed!
2021-12-27 06:19:55 PM GenRPAFile          Sending Email...
2021-12-27 06:19:55 PM GenRPAFile          Sending Email Success!
2021-12-27 06:19:55 PM GenRPAFile          Program End
2021-12-27 06:22:10 PM GenRPAFile          Program Start
2021-12-27 06:22:10 PM GenRPAFile          Reading INI file...
2021-12-27 06:22:10 PM GenRPAFile          DB Connection Open...
2021-12-27 06:22:10 PM GenRPAFile          Start Generating Report...
2021-12-27 06:24:09 PM GenRPAFile          Generating Report Error, please check!
2021-12-27 06:24:09 PM GenRPAFile          Conversion from type 'DBNull' to type 'String' is not valid.
2021-12-27 06:24:09 PM GenRPAFile          DB Connection Closed!
2021-12-27 06:24:09 PM GenRPAFile          Sending Email...
2021-12-27 06:24:09 PM GenRPAFile          Sending Email Success!
2021-12-27 06:24:09 PM GenRPAFile          Program End
2021-12-27 06:31:17 PM GenRPAFile          Program Start
2021-12-27 06:31:17 PM GenRPAFile          Reading INI file...
2021-12-27 06:31:17 PM GenRPAFile          DB Connection Open...
2021-12-27 06:31:17 PM GenRPAFile          Start Generating Report...
2021-12-27 06:31:26 PM GenRPAFile          Generating Report Error, please check!
2021-12-27 06:31:26 PM GenRPAFile          Conversion from type 'DBNull' to type 'String' is not valid.
2021-12-27 06:31:26 PM GenRPAFile          DB Connection Closed!
2021-12-27 06:31:26 PM GenRPAFile          Sending Email...
2021-12-27 06:31:27 PM GenRPAFile          Sending Email Success!
2021-12-27 06:31:27 PM GenRPAFile          Program End
2021-12-27 06:32:49 PM GenRPAFile          Program Start
2021-12-27 06:32:49 PM GenRPAFile          Reading INI file...
2021-12-27 06:32:49 PM GenRPAFile          DB Connection Open...
2021-12-27 06:32:49 PM GenRPAFile          Start Generating Report...
2021-12-27 06:33:39 PM GenRPAFile          Generating Report Error, please check!
2021-12-27 06:33:39 PM GenRPAFile          Conversion from type 'DBNull' to type 'String' is not valid.
2021-12-27 06:33:39 PM GenRPAFile          DB Connection Closed!
2021-12-27 06:33:39 PM GenRPAFile          Sending Email...
2021-12-27 06:33:39 PM GenRPAFile          Sending Email Success!
2021-12-27 06:33:39 PM GenRPAFile          Program End
2021-12-27 06:34:10 PM GenRPAFile          Program Start
2021-12-27 06:34:10 PM GenRPAFile          Reading INI file...
2021-12-27 06:34:11 PM GenRPAFile          DB Connection Open...
2021-12-27 06:34:11 PM GenRPAFile          Start Generating Report...
2021-12-27 06:34:22 PM GenRPAFile          Generating Report Error, please check!
2021-12-27 06:34:22 PM GenRPAFile          Conversion from type 'DBNull' to type 'String' is not valid.
2021-12-27 06:34:22 PM GenRPAFile          DB Connection Closed!
2021-12-27 06:34:22 PM GenRPAFile          Sending Email...
2021-12-27 06:34:22 PM GenRPAFile          Sending Email Success!
2021-12-27 06:34:22 PM GenRPAFile          Program End
2021-12-27 06:35:56 PM GenRPAFile          Program Start
2021-12-27 06:35:57 PM GenRPAFile          Reading INI file...
2021-12-27 06:35:57 PM GenRPAFile          DB Connection Open...
2021-12-27 06:35:57 PM GenRPAFile          Start Generating Report...
2021-12-27 06:36:35 PM GenRPAFile          Generating Report Error, please check!
2021-12-27 06:36:35 PM GenRPAFile          Conversion from type 'DBNull' to type 'String' is not valid.
2021-12-27 06:36:35 PM GenRPAFile          DB Connection Closed!
2021-12-27 06:36:35 PM GenRPAFile          Sending Email...
2021-12-27 06:36:35 PM GenRPAFile          Sending Email Success!
2021-12-27 06:36:35 PM GenRPAFile          Program End
2021-12-27 06:36:49 PM GenRPAFile          Program Start
2021-12-27 06:36:49 PM GenRPAFile          Reading INI file...
2021-12-27 06:36:49 PM GenRPAFile          DB Connection Open...
2021-12-27 06:36:49 PM GenRPAFile          Start Generating Report...
2021-12-27 06:41:25 PM GenRPAFile          Program Start
2021-12-27 06:41:25 PM GenRPAFile          Reading INI file...
2021-12-27 06:41:25 PM GenRPAFile          DB Connection Open...
2021-12-27 06:41:26 PM GenRPAFile          Start Generating Report...
2021-12-27 06:43:05 PM GenRPAFile          Generating Report Completed!
2021-12-27 06:43:05 PM GenRPAFile          DB Connection Closed!
2021-12-27 06:43:05 PM GenRPAFile          Sending Email...
2021-12-27 06:43:06 PM GenRPAFile          Sending Email Success!
2021-12-27 06:43:06 PM GenRPAFile          Program End
2021-12-27 06:52:29 PM GenRPAFile          Program Start
2021-12-27 06:52:29 PM GenRPAFile          Reading INI file...
2021-12-27 06:52:29 PM GenRPAFile          DB Connection Open...
2021-12-27 06:52:29 PM GenRPAFile          Start Generating Report...
2021-12-27 06:54:07 PM GenRPAFile          Program Start
2021-12-27 06:54:07 PM GenRPAFile          Reading INI file...
2021-12-27 06:54:08 PM GenRPAFile          DB Connection Open...
2021-12-27 06:54:08 PM GenRPAFile          Start Generating Report...
2021-12-28 12:20:08 PM GenRPAFile          Program Start
2021-12-28 12:20:08 PM GenRPAFile          Reading INI file...
2021-12-28 12:20:08 PM GenRPAFile          DB Connection Open...
2021-12-28 12:20:08 PM GenRPAFile          Start Generating Report...
2021-12-28 12:34:42 PM GenRPAFile          ORA-01861: literal does not match format string
ORA-06512: at "TRADEIN1.F_GET_ARR_RATE", line 102
ORA-06512: at "TRADEIN1.SP_GEN_ARR_RPA", line 16
ORA-06512: at line 1
2021-12-28 12:35:01 PM GenRPAFile          Program Start
2021-12-28 12:35:01 PM GenRPAFile          Reading INI file...
2021-12-28 12:35:01 PM GenRPAFile          DB Connection Open...
2021-12-28 12:35:01 PM GenRPAFile          Start Generating Report...
2021-12-28 02:13:01 PM GenRPAFile          Program Start
2021-12-28 02:13:01 PM GenRPAFile          Reading INI file...
2021-12-28 02:13:01 PM GenRPAFile          DB Connection Open...
2021-12-28 02:13:01 PM GenRPAFile          Start Generating Report...
2021-12-28 02:19:54 PM GenRPAFile          Program Start
2021-12-28 02:19:54 PM GenRPAFile          Reading INI file...
2021-12-28 02:19:54 PM GenRPAFile          DB Connection Open...
2021-12-28 02:19:54 PM GenRPAFile          Start Generating Report...
2021-12-28 07:42:06 PM GenRPAFile          Program Start
2021-12-28 07:42:06 PM GenRPAFile          Reading INI file...
2021-12-28 07:42:06 PM GenRPAFile          DB Connection Open...
2021-12-28 07:42:06 PM GenRPAFile          Start Generating Report...
2021-12-28 09:15:03 PM GenRPAFile          Program Start
2021-12-28 09:15:03 PM GenRPAFile          Reading INI file...
2021-12-28 09:15:03 PM GenRPAFile          DB Connection Open...
2021-12-28 09:15:03 PM GenRPAFile          Start Generating Report...
2021-12-28 09:16:16 PM GenRPAFile          Program Start
2021-12-28 09:16:16 PM GenRPAFile          Reading INI file...
2021-12-28 09:16:16 PM GenRPAFile          DB Connection Open...
2021-12-28 09:16:16 PM GenRPAFile          Start Generating Report...
2021-12-28 09:17:23 PM GenRPAFile          Program Start
2021-12-28 09:17:23 PM GenRPAFile          Reading INI file...
2021-12-28 09:17:24 PM GenRPAFile          DB Connection Open...
2021-12-28 09:17:24 PM GenRPAFile          Start Generating Report...
2021-12-28 09:32:37 PM GenRPAFile          Program Start
2021-12-28 09:32:37 PM GenRPAFile          Reading INI file...
2021-12-28 09:32:38 PM GenRPAFile          DB Connection Open...
2021-12-28 09:32:38 PM GenRPAFile          Start Generating Report...
2021-12-28 09:40:35 PM GenRPAFile          Program Start
2021-12-28 09:40:36 PM GenRPAFile          Reading INI file...
2021-12-28 09:40:36 PM GenRPAFile          DB Connection Open...
2021-12-28 09:40:36 PM GenRPAFile          Start Generating Report...
2021-12-28 09:42:21 PM GenRPAFile          Program Start
2021-12-28 09:42:21 PM GenRPAFile          Reading INI file...
2021-12-28 09:42:21 PM GenRPAFile          DB Connection Open...
2021-12-28 09:42:21 PM GenRPAFile          Start Generating Report...
2021-12-28 09:48:14 PM GenRPAFile          Program Start
2021-12-28 09:48:14 PM GenRPAFile          Reading INI file...
2021-12-28 09:48:14 PM GenRPAFile          DB Connection Open...
2021-12-28 09:48:15 PM GenRPAFile          Start Generating Report...
2021-12-28 09:50:46 PM GenRPAFile          Program Start
2021-12-28 09:50:46 PM GenRPAFile          Reading INI file...
2021-12-28 09:50:46 PM GenRPAFile          DB Connection Open...
2021-12-28 09:50:46 PM GenRPAFile          Start Generating Report...
2021-12-28 09:54:09 PM GenRPAFile          Program Start
2021-12-28 09:54:09 PM GenRPAFile          Reading INI file...
2021-12-28 09:54:09 PM GenRPAFile          DB Connection Open...
2021-12-28 09:54:09 PM GenRPAFile          Start Generating Report...
2021-12-28 10:04:16 PM GenRPAFile          Program Start
2021-12-28 10:04:16 PM GenRPAFile          Reading INI file...
2021-12-28 10:04:17 PM GenRPAFile          DB Connection Open...
2021-12-28 10:04:17 PM GenRPAFile          Start Generating Report...
2021-12-28 10:05:52 PM GenRPAFile          Program Start
2021-12-28 10:05:52 PM GenRPAFile          Reading INI file...
2021-12-28 10:05:53 PM GenRPAFile          DB Connection Open...
2021-12-28 10:05:53 PM GenRPAFile          Start Generating Report...
2021-12-28 10:07:47 PM GenRPAFile          Program Start
2021-12-28 10:07:47 PM GenRPAFile          Reading INI file...
2021-12-28 10:07:47 PM GenRPAFile          DB Connection Open...
2021-12-28 10:07:47 PM GenRPAFile          Start Generating Report...
2021-12-28 10:15:46 PM GenRPAFile          Program Start
2021-12-28 10:15:46 PM GenRPAFile          Reading INI file...
2021-12-28 10:15:46 PM GenRPAFile          DB Connection Open...
2021-12-28 10:15:46 PM GenRPAFile          Start Generating Report...
2021-12-28 10:15:58 PM GenRPAFile          Generating Report Completed!
2021-12-28 10:15:58 PM GenRPAFile          DB Connection Closed!
2021-12-28 10:15:58 PM GenRPAFile          Sending Email...
2021-12-28 10:15:58 PM GenRPAFile          Sending Email Success!
2021-12-28 10:15:58 PM GenRPAFile          Program End
2021-12-29 09:21:04 AM GenRPAFile          Program Start
2021-12-29 09:21:04 AM GenRPAFile          Reading INI file...
2021-12-29 09:21:04 AM GenRPAFile          DB Connection Open...
2021-12-29 09:21:04 AM GenRPAFile          Start Generating Report...
2021-12-29 09:21:38 AM GenRPAFile          Generating Report Completed!
2021-12-29 09:21:38 AM GenRPAFile          DB Connection Closed!
2021-12-29 09:21:38 AM GenRPAFile          Sending Email...
2021-12-29 09:21:39 AM GenRPAFile          Sending Email Success!
2021-12-29 09:21:39 AM GenRPAFile          Program End
2021-12-29 11:20:19 AM GenRPAFile          Program Start
2021-12-29 11:20:19 AM GenRPAFile          Reading INI file...
2021-12-29 11:20:19 AM GenRPAFile          DB Connection Open...
2021-12-29 11:20:19 AM GenRPAFile          Start Generating Report...
2021-12-29 11:20:23 AM GenRPAFile          Generating Report Completed!
2021-12-29 11:20:23 AM GenRPAFile          DB Connection Closed!
2021-12-29 11:20:23 AM GenRPAFile          Sending Email...
2021-12-29 11:20:23 AM GenRPAFile          Sending Email Success!
2021-12-29 11:20:23 AM GenRPAFile          Program End
2021-12-29 11:22:30 AM GenRPAFile          Program Start
2021-12-29 11:22:30 AM GenRPAFile          Reading INI file...
2021-12-29 11:22:30 AM GenRPAFile          DB Connection Open...
2021-12-29 11:22:30 AM GenRPAFile          Start Generating Report...
2021-12-29 11:23:41 AM GenRPAFile          Program Start
2021-12-29 11:23:41 AM GenRPAFile          Reading INI file...
2021-12-29 11:23:41 AM GenRPAFile          DB Connection Open...
2021-12-29 11:23:41 AM GenRPAFile          Start Generating Report...
2021-12-29 11:35:46 AM GenRPAFile          Program Start
2021-12-29 11:35:46 AM GenRPAFile          Reading INI file...
2021-12-29 11:35:47 AM GenRPAFile          DB Connection Open...
2021-12-29 11:35:47 AM GenRPAFile          Start Generating Report...
2021-12-29 11:38:03 AM GenRPAFile          Program Start
2021-12-29 11:38:03 AM GenRPAFile          Reading INI file...
2021-12-29 11:38:03 AM GenRPAFile          DB Connection Open...
2021-12-29 11:38:03 AM GenRPAFile          Start Generating Report...
2021-12-29 11:43:10 AM GenRPAFile          Program Start
2021-12-29 11:43:10 AM GenRPAFile          Reading INI file...
2021-12-29 11:43:10 AM GenRPAFile          DB Connection Open...
2021-12-29 11:43:10 AM GenRPAFile          Start Generating Report...
2021-12-29 11:43:18 AM GenRPAFile          Generating Report Completed!
2021-12-29 11:43:18 AM GenRPAFile          DB Connection Closed!
2021-12-29 11:43:18 AM GenRPAFile          Sending Email...
2021-12-29 11:43:18 AM GenRPAFile          Sending Email Success!
2021-12-29 11:43:18 AM GenRPAFile          Program End
2021-12-29 11:59:58 AM GenRPAFile          Program Start
2021-12-29 11:59:58 AM GenRPAFile          Reading INI file...
2021-12-29 11:59:59 AM GenRPAFile          DB Connection Open...
2021-12-29 11:59:59 AM GenRPAFile          Start Generating Report...
2021-12-29 12:16:02 PM GenRPAFile          Program Start
2021-12-29 12:16:02 PM GenRPAFile          Reading INI file...
2021-12-29 12:16:02 PM GenRPAFile          DB Connection Open...
2021-12-29 12:16:02 PM GenRPAFile          Start Generating Report...
2021-12-29 12:16:11 PM GenRPAFile          Generating Report Completed!
2021-12-29 12:16:11 PM GenRPAFile          DB Connection Closed!
2021-12-29 12:16:11 PM GenRPAFile          Sending Email...
2021-12-29 12:16:11 PM GenRPAFile          Sending Email Success!
2021-12-29 12:16:11 PM GenRPAFile          Program End
2021-12-29 12:20:02 PM GenRPAFile          Program Start
2021-12-29 12:20:02 PM GenRPAFile          Reading INI file...
2021-12-29 12:20:03 PM GenRPAFile          DB Connection Open...
2021-12-29 12:20:03 PM GenRPAFile          Start Generating Report...
2021-12-29 12:33:51 PM GenRPAFile          Program Start
2021-12-29 12:33:51 PM GenRPAFile          Reading INI file...
2021-12-29 12:33:52 PM GenRPAFile          DB Connection Open...
2021-12-29 12:33:52 PM GenRPAFile          Start Generating Report...
2021-12-29 12:34:01 PM GenRPAFile          Generating Report Completed!
2021-12-29 12:34:01 PM GenRPAFile          DB Connection Closed!
2021-12-29 12:34:01 PM GenRPAFile          Sending Email...
2021-12-29 12:34:01 PM GenRPAFile          Sending Email Success!
2021-12-29 12:34:01 PM GenRPAFile          Program End
2021-12-29 04:44:21 PM GenRPAFile          Program Start
2021-12-29 04:44:21 PM GenRPAFile          Reading INI file...
2021-12-29 04:44:21 PM GenRPAFile          DB Connection Open...
2021-12-29 04:44:21 PM GenRPAFile          Start Generating Report...
2021-12-29 04:44:37 PM GenRPAFile          Generating Report Completed!
2021-12-29 04:44:38 PM GenRPAFile          DB Connection Closed!
2021-12-29 04:44:38 PM GenRPAFile          Sending Email...
2021-12-29 04:44:38 PM GenRPAFile          Sending Email Success!
2021-12-29 04:44:38 PM GenRPAFile          Program End
2021-12-29 04:54:12 PM GenRPAFile          Program Start
2021-12-29 04:54:12 PM GenRPAFile          Reading INI file...
2021-12-29 04:54:12 PM GenRPAFile          DB Connection Open...
2021-12-29 04:54:12 PM GenRPAFile          Start Generating Report...
2021-12-29 04:54:17 PM GenRPAFile          Generating Report Completed!
2021-12-29 04:54:17 PM GenRPAFile          DB Connection Closed!
2021-12-29 04:54:17 PM GenRPAFile          Sending Email...
2021-12-29 04:54:17 PM GenRPAFile          Sending Email Success!
2021-12-29 04:54:17 PM GenRPAFile          Program End
2021-12-29 09:29:18 PM GenRPAFile          Program Start
2021-12-29 09:29:19 PM GenRPAFile          Reading INI file...
2021-12-29 09:29:19 PM GenRPAFile          DB Connection Open...
2021-12-29 09:29:19 PM GenRPAFile          Start Generating Report...
2021-12-29 09:29:28 PM GenRPAFile          Generating Report Completed!
2021-12-29 09:29:28 PM GenRPAFile          DB Connection Closed!
2021-12-29 09:29:28 PM GenRPAFile          Sending Email...
2021-12-29 09:29:28 PM GenRPAFile          Sending Email Success!
2021-12-29 09:29:28 PM GenRPAFile          Program End
2021-12-29 09:31:39 PM GenRPAFile          Program Start
2021-12-29 09:31:39 PM GenRPAFile          Reading INI file...
2021-12-29 09:31:39 PM GenRPAFile          DB Connection Open...
2021-12-29 09:31:39 PM GenRPAFile          Start Generating Report...
2021-12-29 09:31:51 PM GenRPAFile          Generating Report Completed!
2021-12-29 09:31:51 PM GenRPAFile          DB Connection Closed!
2021-12-29 09:31:51 PM GenRPAFile          Sending Email...
2021-12-29 09:31:51 PM GenRPAFile          Sending Email Success!
2021-12-29 09:31:51 PM GenRPAFile          Program End
2021-12-29 09:42:58 PM GenRPAFile          Program Start
2021-12-29 09:42:59 PM GenRPAFile          Reading INI file...
2021-12-29 09:42:59 PM GenRPAFile          DB Connection Open...
2021-12-29 09:42:59 PM GenRPAFile          Start Generating Report...
2021-12-29 09:54:58 PM GenRPAFile          Program Start
2021-12-29 09:54:58 PM GenRPAFile          Reading INI file...
2021-12-29 09:54:58 PM GenRPAFile          DB Connection Open...
2021-12-29 09:54:58 PM GenRPAFile          Start Generating Report...
2021-12-29 10:18:49 PM GenRPAFile          Program Start
2021-12-29 10:18:49 PM GenRPAFile          Reading INI file...
2021-12-29 10:18:49 PM GenRPAFile          DB Connection Open...
2021-12-29 10:18:49 PM GenRPAFile          Start Generating Report...
2021-12-29 10:20:40 PM GenRPAFile          Program Start
2021-12-29 10:20:40 PM GenRPAFile          Reading INI file...
2021-12-29 10:20:40 PM GenRPAFile          DB Connection Open...
2021-12-29 10:20:40 PM GenRPAFile          Start Generating Report...
2021-12-29 10:20:55 PM GenRPAFile          Generating Report Completed!
2021-12-29 10:20:55 PM GenRPAFile          DB Connection Closed!
2021-12-29 10:20:55 PM GenRPAFile          Sending Email...
2021-12-29 10:20:56 PM GenRPAFile          Sending Email Success!
2021-12-29 10:20:56 PM GenRPAFile          Program End
2021-12-29 10:25:45 PM GenRPAFile          Program Start
2021-12-29 10:25:45 PM GenRPAFile          Reading INI file...
2021-12-29 10:25:45 PM GenRPAFile          DB Connection Open...
2021-12-29 10:25:45 PM GenRPAFile          Start Generating Report...
2021-12-29 10:25:52 PM GenRPAFile          Generating Report Completed!
2021-12-29 10:25:52 PM GenRPAFile          DB Connection Closed!
2021-12-29 10:25:52 PM GenRPAFile          Sending Email...
2021-12-29 10:25:52 PM GenRPAFile          Sending Email Success!
2021-12-29 10:25:52 PM GenRPAFile          Program End
2021-12-29 10:32:46 PM GenRPAFile          Program Start
2021-12-29 10:32:46 PM GenRPAFile          Reading INI file...
2021-12-29 10:32:47 PM GenRPAFile          DB Connection Open...
2021-12-29 10:32:47 PM GenRPAFile          Start Generating Report...
2021-12-29 10:36:15 PM GenRPAFile          Program Start
2021-12-29 10:36:15 PM GenRPAFile          Reading INI file...
2021-12-29 10:36:15 PM GenRPAFile          DB Connection Open...
2021-12-29 10:36:15 PM GenRPAFile          Start Generating Report...
2021-12-29 10:42:30 PM GenRPAFile          Program Start
2021-12-29 10:42:30 PM GenRPAFile          Reading INI file...
2021-12-29 10:42:30 PM GenRPAFile          DB Connection Open...
2021-12-29 10:42:30 PM GenRPAFile          Start Generating Report...
2021-12-30 09:35:19 AM GenRPAFile          Program Start
2021-12-30 09:35:19 AM GenRPAFile          Reading INI file...
2021-12-30 09:35:19 AM GenRPAFile          DB Connection Open...
2021-12-30 09:35:19 AM GenRPAFile          Start Generating Report...
2021-12-30 09:35:34 AM GenRPAFile          Generating Report Completed!
2021-12-30 09:35:34 AM GenRPAFile          DB Connection Closed!
2021-12-30 09:35:34 AM GenRPAFile          Sending Email...
2021-12-30 09:35:35 AM GenRPAFile          Sending Email Success!
2021-12-30 09:35:35 AM GenRPAFile          Program End
2021-12-30 11:15:43 PM GenRPAFile          Program Start
2021-12-30 11:15:43 PM GenRPAFile          Reading INI file...
2021-12-30 11:15:43 PM GenRPAFile          DB Connection Open...
2021-12-30 11:15:43 PM GenRPAFile          Start Generating Report...
2021-12-30 11:16:07 PM GenRPAFile          Generating Report Completed!
2021-12-30 11:16:07 PM GenRPAFile          DB Connection Closed!
2021-12-30 11:16:07 PM GenRPAFile          Sending Email...
2021-12-30 11:16:08 PM GenRPAFile          Sending Email Success!
2021-12-30 11:16:08 PM GenRPAFile          Program End
2021-12-30 11:17:22 PM GenRPAFile          Program Start
2021-12-30 11:17:22 PM GenRPAFile          Reading INI file...
2021-12-30 11:17:23 PM GenRPAFile          DB Connection Open...
2021-12-30 11:17:23 PM GenRPAFile          Start Generating Report...
2021-12-30 11:17:23 PM GenRPAFile          Generating Report Completed!
2021-12-30 11:17:23 PM GenRPAFile          DB Connection Closed!
2021-12-30 11:17:23 PM GenRPAFile          Sending Email...
2021-12-30 11:17:30 PM GenRPAFile          Sending Email Success!
2021-12-30 11:17:30 PM GenRPAFile          Program End
2021-12-31 03:42:25 PM GenRPAFile          Program Start
2021-12-31 03:42:25 PM GenRPAFile          Reading INI file...
2021-12-31 03:42:26 PM GenRPAFile          DB Connection Open...
2021-12-31 03:42:26 PM GenRPAFile          Start Generating Report...
2021-12-31 03:42:34 PM GenRPAFile          Generating Report Completed!
2021-12-31 03:42:34 PM GenRPAFile          DB Connection Closed!
2021-12-31 03:42:34 PM GenRPAFile          Sending Email...
2021-12-31 03:42:34 PM GenRPAFile          Sending Email Success!
2021-12-31 03:42:34 PM GenRPAFile          Program End
2022-01-11 09:46:59 AM GenRPAFile          Program Start
2022-01-11 09:46:59 AM GenRPAFile          Reading INI file...
2022-01-11 09:47:36 AM GenRPAFile          DB Connection Open...
2022-01-11 09:47:47 AM GenRPAFile          Start Generating Report...
2022-01-11 09:48:11 AM GenRPAFile          Generating Report Error, please check!
2022-01-11 09:48:13 AM GenRPAFile          ORA-12154: TNS:could not resolve the connect identifier specified
2022-01-11 09:48:52 AM GenRPAFile          DB Connection Closed!
2022-01-11 09:49:03 AM GenRPAFile          Sending Email...
2022-06-17 03:52:33 PM GenRPAFile          Program Start
2022-06-17 03:53:11 PM GenRPAFile          Reading INI file...
2022-06-17 03:57:22 PM GenRPAFile          Program Start
2022-06-17 03:57:27 PM GenRPAFile          Reading INI file...
2022-06-17 03:58:17 PM GenRPAFile          DB Connection Open...
2022-06-17 03:58:26 PM GenRPAFile          Start Generating Report...
2022-06-17 04:02:52 PM GenRPAFile          Program Start
2022-06-17 04:02:54 PM GenRPAFile          Reading INI file...
2022-06-17 04:03:07 PM GenRPAFile          DB Connection Open...
2022-06-17 04:03:13 PM GenRPAFile          Start Generating Report...
2022-06-17 04:04:40 PM GenRPAFile          ARR.getSingleDataFromHost: Total count=19
2022-06-17 05:11:13 PM GenRPAFile          Program Start
2022-06-17 05:11:14 PM GenRPAFile          Reading INI file...
2022-06-17 05:11:21 PM GenRPAFile          DB Connection Open...
2022-06-17 05:11:21 PM GenRPAFile          Start Generating Report...
2022-06-17 05:12:23 PM GenRPAFile          ORA-02049: timeout: distributed transaction waiting for lock
ORA-06512: at "TRADEIN1.SP_GEN_ARR_RPA", line 56
ORA-06512: at line 1
2022-06-17 05:12:38 PM GenRPAFile          Generating Report Completed!
2022-06-17 05:12:50 PM GenRPAFile          DB Connection Closed!
2022-06-17 05:12:50 PM GenRPAFile          Sending Email...
2022-06-17 05:20:54 PM GenRPAFile          Program Start
2022-06-17 05:20:54 PM GenRPAFile          Reading INI file...
2022-06-17 05:20:54 PM GenRPAFile          DB Connection Open...
2022-06-17 05:20:54 PM GenRPAFile          Start Generating Report...
2022-06-17 05:21:56 PM GenRPAFile          ORA-02049: timeout: distributed transaction waiting for lock
ORA-06512: at "TRADEIN1.SP_GEN_ARR_RPA", line 56
ORA-06512: at line 1
2022-06-17 05:30:47 PM GenRPAFile          Program Start
2022-06-17 05:30:47 PM GenRPAFile          Reading INI file...
2022-06-17 05:30:47 PM GenRPAFile          DB Connection Open...
2022-06-17 05:30:47 PM GenRPAFile          Start Generating Report...
2022-06-17 05:31:49 PM GenRPAFile          ORA-02049: timeout: distributed transaction waiting for lock
ORA-06512: at "TRADEIN1.SP_GEN_ARR_RPA", line 56
ORA-06512: at line 1
2022-06-17 05:33:41 PM GenRPAFile          Generating Report Completed!
2022-06-17 05:33:41 PM GenRPAFile          DB Connection Closed!
2022-06-17 05:33:41 PM GenRPAFile          Sending Email...
2022-06-17 05:40:46 PM GenRPAFile          Program Start
2022-06-17 05:40:46 PM GenRPAFile          Reading INI file...
2022-06-17 05:40:46 PM GenRPAFile          DB Connection Open...
2022-06-17 05:40:46 PM GenRPAFile          Start Generating Report...
2022-06-17 05:41:48 PM GenRPAFile          ORA-02049: timeout: distributed transaction waiting for lock
ORA-06512: at "TRADEIN1.SP_GEN_ARR_RPA", line 56
ORA-06512: at line 1
2022-06-17 05:45:48 PM GenRPAFile          Program Start
2022-06-17 05:45:48 PM GenRPAFile          Reading INI file...
2022-06-17 05:45:49 PM GenRPAFile          DB Connection Open...
2022-06-17 05:45:49 PM GenRPAFile          Start Generating Report...
2022-06-17 05:47:49 PM GenRPAFile          ARR.getSingleDataFromHost: Total count=19
2022-06-17 05:49:06 PM GenRPAFile          Program Start
2022-06-17 05:49:06 PM GenRPAFile          Reading INI file...
2022-06-17 05:49:07 PM GenRPAFile          DB Connection Open...
2022-06-17 05:49:07 PM GenRPAFile          Start Generating Report...
2022-06-17 05:49:17 PM GenRPAFile          ARR.getSingleDataFromHost: Total count=19
2022-06-17 05:49:59 PM GenRPAFile          Program Start
2022-06-17 05:49:59 PM GenRPAFile          Reading INI file...
2022-06-17 05:49:59 PM GenRPAFile          DB Connection Open...
2022-06-17 05:49:59 PM GenRPAFile          Start Generating Report...
2022-06-17 05:50:05 PM GenRPAFile          ARR.getSingleDataFromHost: Total count=19
2022-06-17 05:56:17 PM GenRPAFile          Program Start
2022-06-17 05:56:17 PM GenRPAFile          Reading INI file...
2022-06-17 05:56:17 PM GenRPAFile          DB Connection Open...
2022-06-17 05:56:18 PM GenRPAFile          Start Generating Report...
2022-06-17 05:56:26 PM GenRPAFile          ARR.getSingleDataFromHost: Total count=19
2022-06-17 05:56:28 PM GenRPAFile          formatMQMessage: BASERATEQ2                                                                                                                                0000000002IB0020220120002022-05-16EUR00202201200020220719
2022-06-17 05:56:28 PM GenRPAFile          ARR.getSingleDataFromHost: dim MQQueueManager. Start.
2022-06-17 05:56:28 PM GenRPAFile          ARR.getSingleDataFromHost: dim MQQueue. Start.
2022-06-17 05:56:28 PM GenRPAFile          ARR.getSingleDataFromHost: dim MQMessage. Start.
2022-06-17 05:56:28 PM GenRPAFile          ARR.getSingleDataFromHost: dim MQPutMessageOptions. Start.
2022-06-17 05:56:28 PM GenRPAFile          ARR.getSingleDataFromHost: dim MQGetMessageOptions. Start.
2022-06-17 05:56:28 PM GenRPAFile          Send MQ message. Start.
2022-06-17 05:56:30 PM GenRPAFile          CMHOnline.sendRequestToHost: Fail to connect TFSSERVER.UAT02, ErrorCode: 2058, ErrorDesc: 2058
2022-06-17 05:56:57 PM GenRPAFile          Program Start
2022-06-17 05:56:57 PM GenRPAFile          Reading INI file...
2022-06-17 05:56:58 PM GenRPAFile          DB Connection Open...
2022-06-17 05:56:58 PM GenRPAFile          Start Generating Report...
2022-06-17 05:57:04 PM GenRPAFile          ARR.getSingleDataFromHost: Total count=19
2022-06-17 05:58:26 PM GenRPAFile          formatMQMessage: BASERATEQ2                                                                                                                                0000000002IB0020220120002022-05-16EUR00202201200020220719
2022-06-17 05:58:26 PM GenRPAFile          ARR.getSingleDataFromHost: dim MQQueueManager. Start.
2022-06-17 05:58:26 PM GenRPAFile          ARR.getSingleDataFromHost: dim MQQueue. Start.
2022-06-17 05:58:26 PM GenRPAFile          ARR.getSingleDataFromHost: dim MQMessage. Start.
2022-06-17 05:58:26 PM GenRPAFile          ARR.getSingleDataFromHost: dim MQPutMessageOptions. Start.
2022-06-17 05:58:26 PM GenRPAFile          ARR.getSingleDataFromHost: dim MQGetMessageOptions. Start.
2022-06-17 05:58:26 PM GenRPAFile          Send MQ message. Start.
2022-06-17 05:58:34 PM GenRPAFile          CMHOnline.sendRequestToHost: Fail to connect TFSSERVER.UAT02, ErrorCode: 2058, ErrorDesc: 2058
2022-06-17 06:00:53 PM GenRPAFile          Program Start
2022-06-17 06:00:53 PM GenRPAFile          Reading INI file...
2022-06-17 06:00:53 PM GenRPAFile          DB Connection Open...
2022-06-17 06:00:53 PM GenRPAFile          Start Generating Report...
2022-06-17 06:00:59 PM GenRPAFile          ARR.getSingleDataFromHost: Total count=19
2022-06-17 06:01:29 PM GenRPAFile          formatMQMessage: BASERATEQ2                                                                                                                                0000000002IB0020220120002022-05-16EUR00202201200020220719
2022-06-17 06:01:43 PM GenRPAFile          ARR.getSingleDataFromHost: dim MQQueueManager. Start.
2022-06-17 06:01:43 PM GenRPAFile          ARR.getSingleDataFromHost: dim MQQueue. Start.
2022-06-17 06:01:43 PM GenRPAFile          ARR.getSingleDataFromHost: dim MQMessage. Start.
2022-06-17 06:01:43 PM GenRPAFile          ARR.getSingleDataFromHost: dim MQPutMessageOptions. Start.
2022-06-17 06:01:43 PM GenRPAFile          ARR.getSingleDataFromHost: dim MQGetMessageOptions. Start.
2022-06-17 06:01:43 PM GenRPAFile          Send MQ message. Start.
2022-06-17 06:01:52 PM GenRPAFile          CMHOnline.sendRequestToHost: Fail to connect TFSSERVER.UAT02, ErrorCode: 2058, ErrorDesc: 2058
2022-06-17 06:02:38 PM GenRPAFile          formatMQMessage: BASERATEQ2                                                                                                                                0000000002IB0020220120002022-05-16EUR00202201200020220719
2022-06-17 06:02:38 PM GenRPAFile          ARR.getSingleDataFromHost: dim MQQueueManager. Start.
2022-06-17 06:02:38 PM GenRPAFile          ARR.getSingleDataFromHost: dim MQQueue. Start.
2022-06-17 06:02:38 PM GenRPAFile          ARR.getSingleDataFromHost: dim MQMessage. Start.
2022-06-17 06:02:38 PM GenRPAFile          ARR.getSingleDataFromHost: dim MQPutMessageOptions. Start.
2022-06-17 06:02:38 PM GenRPAFile          ARR.getSingleDataFromHost: dim MQGetMessageOptions. Start.
2022-06-17 06:02:38 PM GenRPAFile          Send MQ message. Start.
2022-06-17 06:02:38 PM GenRPAFile          CMHOnline.sendRequestToHost: Fail to connect TFSSERVER.UAT02, ErrorCode: 2058, ErrorDesc: 2058
2022-06-17 06:02:53 PM GenRPAFile          formatMQMessage: BASERATEQ2                                                                                                                                0000000002IB0020220120002022-05-16EUR00202201200020220719
2022-06-17 06:03:05 PM GenRPAFile          ARR.getSingleDataFromHost: dim MQQueueManager. Start.
2022-06-17 06:03:10 PM GenRPAFile          ARR.getSingleDataFromHost: dim MQQueue. Start.
2022-06-17 06:03:13 PM GenRPAFile          ARR.getSingleDataFromHost: dim MQMessage. Start.
2022-06-17 06:03:17 PM GenRPAFile          ARR.getSingleDataFromHost: dim MQPutMessageOptions. Start.
2022-06-17 06:03:18 PM GenRPAFile          ARR.getSingleDataFromHost: dim MQGetMessageOptions. Start.
2022-06-17 06:03:22 PM GenRPAFile          Send MQ message. Start.
2022-06-17 06:27:25 PM GenRPAFile          CMHOnline.sendRequestToHost: Fail to connect TFSSERVER.UAT02, ErrorCode: 2058, ErrorDesc: 2058
2022-06-17 06:27:42 PM GenRPAFile          ARR.getSingleDataFromHost: dim MQQueueManager. Start.
2022-06-17 06:27:42 PM GenRPAFile          ARR.getSingleDataFromHost: dim MQQueue. Start.
2022-06-17 06:27:42 PM GenRPAFile          ARR.getSingleDataFromHost: dim MQMessage. Start.
2022-06-17 06:27:42 PM GenRPAFile          ARR.getSingleDataFromHost: dim MQPutMessageOptions. Start.
2022-06-17 06:27:42 PM GenRPAFile          ARR.getSingleDataFromHost: dim MQGetMessageOptions. Start.
2022-06-17 06:27:42 PM GenRPAFile          Send MQ message. Start.
2022-06-17 06:27:43 PM GenRPAFile          CMHOnline.sendRequestToHost: Fail to connect TFSSERVER.UAT02, ErrorCode: 2058, ErrorDesc: 2058
2022-06-17 06:28:09 PM GenRPAFile          ARR.getSingleDataFromHost: dim MQQueueManager. Start.
2022-06-17 06:28:17 PM GenRPAFile          ARR.getSingleDataFromHost: dim MQQueue. Start.
2022-06-17 06:28:22 PM GenRPAFile          ARR.getSingleDataFromHost: dim MQMessage. Start.
2022-06-17 06:28:23 PM GenRPAFile          ARR.getSingleDataFromHost: dim MQPutMessageOptions. Start.
2022-06-17 06:28:24 PM GenRPAFile          ARR.getSingleDataFromHost: dim MQGetMessageOptions. Start.
2022-06-17 06:28:34 PM GenRPAFile          Send MQ message. Start.
2022-06-17 06:29:10 PM GenRPAFile          CMHOnline.sendRequestToHost: Fail to connect TFSSERVER.UAT02, ErrorCode: 2058, ErrorDesc: 2058
2022-06-17 06:29:18 PM GenRPAFile          ARR.getSingleDataFromHost: dim MQQueueManager. Start.
2022-06-17 06:29:18 PM GenRPAFile          ARR.getSingleDataFromHost: dim MQQueue. Start.
2022-06-17 06:29:18 PM GenRPAFile          ARR.getSingleDataFromHost: dim MQMessage. Start.
2022-06-17 06:29:18 PM GenRPAFile          ARR.getSingleDataFromHost: dim MQPutMessageOptions. Start.
2022-06-17 06:29:18 PM GenRPAFile          ARR.getSingleDataFromHost: dim MQGetMessageOptions. Start.
2022-06-17 06:29:18 PM GenRPAFile          Send MQ message. Start.
2022-06-17 06:29:18 PM GenRPAFile          CMHOnline.sendRequestToHost: Fail to connect TFSSERVER.UAT02, ErrorCode: 2058, ErrorDesc: 2058
2022-06-17 06:29:23 PM GenRPAFile          ARR.getSingleDataFromHost: dim MQQueueManager. Start.
2022-06-17 06:29:24 PM GenRPAFile          ARR.getSingleDataFromHost: dim MQQueue. Start.
2022-06-17 06:29:24 PM GenRPAFile          ARR.getSingleDataFromHost: dim MQMessage. Start.
2022-06-17 06:29:25 PM GenRPAFile          ARR.getSingleDataFromHost: dim MQPutMessageOptions. Start.
2022-06-17 06:29:25 PM GenRPAFile          ARR.getSingleDataFromHost: dim MQGetMessageOptions. Start.
2022-06-17 06:29:32 PM GenRPAFile          Send MQ message. Start.
2022-06-21 03:03:14 PM GenRPAFile          Program Start
2022-06-21 03:03:14 PM GenRPAFile          Reading INI file...
2022-06-21 03:03:14 PM GenRPAFile          DB Connection Open...
2022-06-21 03:03:14 PM GenRPAFile          Start Generating Report...
2022-06-21 03:05:49 PM GenRPAFile          ARR.getSingleDataFromHost: Total count=19
2022-06-21 03:05:55 PM GenRPAFile          formatMQMessage: BASERATEQ2                                                                                                                                0000000002IB0020220120002022-05-16EUR00202201200020220719
2022-06-21 03:05:55 PM GenRPAFile          ARR.getSingleDataFromHost: dim MQQueueManager. Start.
2022-06-21 03:05:55 PM GenRPAFile          ARR.getSingleDataFromHost: dim MQQueue. Start.
2022-06-21 03:05:55 PM GenRPAFile          ARR.getSingleDataFromHost: dim MQMessage. Start.
2022-06-21 03:05:55 PM GenRPAFile          ARR.getSingleDataFromHost: dim MQPutMessageOptions. Start.
2022-06-21 03:05:55 PM GenRPAFile          ARR.getSingleDataFromHost: dim MQGetMessageOptions. Start.
2022-06-21 03:05:55 PM GenRPAFile          Send MQ message. Start.
2022-06-21 03:06:04 PM GenRPAFile          CMHOnline.sendRequestToHost: Fail to connect TFSSERVER.UAT02, ErrorCode: 2058, ErrorDesc: 2058
